Copyright 1986-2021 Xilinx, Inc. All Rights Reserved.
--------------------------------------------------------------------------------------------
| Tool Version : Vivado v.2021.2 (lin64) Build 3367213 Tue Oct 19 02:47:39 MDT 2021
| Date         : Fri Aug 25 18:30:00 2023
| Host         : cadence36 running 64-bit CentOS Linux release 7.9.2009 (Core)
| Command      : report_clock_utilization -file top_vga_basys3_clock_utilization_routed.rpt
| Design       : top_vga_basys3
| Device       : 7a35t-cpg236
| Speed File   : -1  PRODUCTION 1.23 2018-06-13
| Design State : Routed
--------------------------------------------------------------------------------------------

Clock Utilization Report

Table of Contents
-----------------
1. Clock Primitive Utilization
2. Global Clock Resources
3. Global Clock Source Details
4. Clock Regions: Key Resource Utilization
5. Clock Regions : Global Clock Summary
6. Device Cell Placement Summary for Global Clock g0
7. Device Cell Placement Summary for Global Clock g1
8. Device Cell Placement Summary for Global Clock g2
9. Device Cell Placement Summary for Global Clock g3
10. Device Cell Placement Summary for Global Clock g4
11. Device Cell Placement Summary for Global Clock g5
12. Device Cell Placement Summary for Global Clock g6
13. Clock Region Cell Placement per Global Clock: Region X0Y0
14. Clock Region Cell Placement per Global Clock: Region X1Y0
15. Clock Region Cell Placement per Global Clock: Region X1Y1

1. Clock Primitive Utilization
------------------------------

+----------+------+-----------+-----+--------------+--------+
| Type     | Used | Available | LOC | Clock Region | Pblock |
+----------+------+-----------+-----+--------------+--------+
| BUFGCTRL |    4 |        32 |   0 |            0 |      0 |
| BUFH     |    3 |        72 |   0 |            0 |      0 |
| BUFIO    |    0 |        20 |   0 |            0 |      0 |
| BUFMR    |    0 |        10 |   0 |            0 |      0 |
| BUFR     |    0 |        20 |   0 |            0 |      0 |
| MMCM     |    1 |         5 |   0 |            0 |      0 |
| PLL      |    0 |         5 |   0 |            0 |      0 |
+----------+------+-----------+-----+--------------+--------+


2. Global Clock Resources
-------------------------

+-----------+-----------+-----------------+------------+---------------+--------------+-------------------+-------------+-----------------+--------------+----------------------+--------------------------+-------------------------------------+
| Global Id | Source Id | Driver Type/Pin | Constraint | Site          | Clock Region | Load Clock Region | Clock Loads | Non-Clock Loads | Clock Period | Clock                | Driver Pin               | Net                                 |
+-----------+-----------+-----------------+------------+---------------+--------------+-------------------+-------------+-----------------+--------------+----------------------+--------------------------+-------------------------------------+
| g0        | src0      | BUFGCTRL/O      | None       | BUFGCTRL_X0Y1 | n/a          |                 1 |         353 |               0 |       15.385 | clk_65MHz_clk_wiz_1  | u_clk_1/clkout2_buf/O    | u_clk_1/clk_65MHz                   |
| g0        | src1      | BUFGCTRL/O      | None       | BUFGCTRL_X0Y1 | n/a          |                 1 |         353 |               0 |       15.385 | clk_65MHz_clk_wiz_1  | u_clk_1/clkout2_buf/O    | u_clk_1/clk_65MHz                   |
| g1        | src0      | BUFH/O          | None       | BUFHCE_X0Y1   | X0Y0         |                 1 |           8 |               0 |       15.385 | clk_65MHz_clk_wiz_1  | u_clk_1/clkout2_buf_en/O | u_clk_1/clk_65MHz_clk_wiz_1_en_clk  |
| g2        | src2      | BUFGCTRL/O      | None       | BUFGCTRL_X0Y2 | n/a          |                 1 |         315 |               0 |       10.000 | clk_100MHz_clk_wiz_1 | u_clk_1/clkout1_buf/O    | u_clk_1/clk_100MHz                  |
| g2        | src3      | BUFGCTRL/O      | None       | BUFGCTRL_X0Y2 | n/a          |                 1 |         315 |               0 |       10.000 | clk_100MHz_clk_wiz_1 | u_clk_1/clkout1_buf/O    | u_clk_1/clk_100MHz                  |
| g3        | src2      | BUFH/O          | None       | BUFHCE_X0Y0   | X0Y0         |                 1 |           8 |               0 |       10.000 | clk_100MHz_clk_wiz_1 | u_clk_1/clkout1_buf_en/O | u_clk_1/clk_100MHz_clk_wiz_1_en_clk |
| g4        | src4      | BUFH/O          | None       | BUFHCE_X0Y2   | X0Y0         |                 1 |           8 |               0 |       24.615 | clk_40MHz_clk_wiz_1  | u_clk_1/clkout3_buf_en/O | u_clk_1/clk_40MHz_clk_wiz_1_en_clk  |
| g5        | src4      | BUFGCTRL/O      | None       | BUFGCTRL_X0Y0 | n/a          |                 1 |           1 |               0 |       24.615 | clk_40MHz_clk_wiz_1  | u_clk_1/clkout3_buf/O    | u_clk_1/clk_40MHz                   |
| g6        | src5      | BUFG/O          | None       | BUFGCTRL_X0Y3 | n/a          |                 1 |           1 |               0 |       10.000 | clkfbout_clk_wiz_1   | u_clk_1/clkf_buf/O       | u_clk_1/clkfbout_buf_clk_wiz_1      |
+-----------+-----------+-----------------+------------+---------------+--------------+-------------------+-------------+-----------------+--------------+----------------------+--------------------------+-------------------------------------+
* Clock Loads column represents the clock pin loads (pin count)
** Non-Clock Loads column represents the non-clock pin loads (pin count)


3. Global Clock Source Details
------------------------------

+-----------+-----------+---------------------+------------+-----------------+--------------+-------------+-----------------+---------------------+----------------------+--------------------------------+------------------------------+
| Source Id | Global Id | Driver Type/Pin     | Constraint | Site            | Clock Region | Clock Loads | Non-Clock Loads | Source Clock Period | Source Clock         | Driver Pin                     | Net                          |
+-----------+-----------+---------------------+------------+-----------------+--------------+-------------+-----------------+---------------------+----------------------+--------------------------------+------------------------------+
| src0      | g0        | MMCME2_ADV/CLKOUT1  | None       | MMCME2_ADV_X1Y0 | X1Y0         |           2 |               0 |              15.385 | clk_65MHz_clk_wiz_1  | u_clk_1/mmcm_adv_inst/CLKOUT1  | u_clk_1/clk_65MHz_clk_wiz_1  |
| src0      | g1        | MMCME2_ADV/CLKOUT1  | None       | MMCME2_ADV_X1Y0 | X1Y0         |           2 |               0 |              15.385 | clk_65MHz_clk_wiz_1  | u_clk_1/mmcm_adv_inst/CLKOUT1  | u_clk_1/clk_65MHz_clk_wiz_1  |
| src1      | g0        | VCC/P               | None       |                 | n/a          |           0 |               0 |                     |                      | u_clk_1/VCC_1/P                | u_clk_1/VCC_2                |
| src2      | g2        | MMCME2_ADV/CLKOUT0  | None       | MMCME2_ADV_X1Y0 | X1Y0         |           2 |               0 |              10.000 | clk_100MHz_clk_wiz_1 | u_clk_1/mmcm_adv_inst/CLKOUT0  | u_clk_1/clk_100MHz_clk_wiz_1 |
| src2      | g3        | MMCME2_ADV/CLKOUT0  | None       | MMCME2_ADV_X1Y0 | X1Y0         |           2 |               0 |              10.000 | clk_100MHz_clk_wiz_1 | u_clk_1/mmcm_adv_inst/CLKOUT0  | u_clk_1/clk_100MHz_clk_wiz_1 |
| src3      | g2        | VCC/P               | None       |                 | n/a          |           0 |               0 |                     |                      | u_clk_1/VCC_1/P                | u_clk_1/VCC_2                |
| src4      | g4        | MMCME2_ADV/CLKOUT2  | None       | MMCME2_ADV_X1Y0 | X1Y0         |           2 |               0 |              24.615 | clk_40MHz_clk_wiz_1  | u_clk_1/mmcm_adv_inst/CLKOUT2  | u_clk_1/clk_40MHz_clk_wiz_1  |
| src4      | g5        | MMCME2_ADV/CLKOUT2  | None       | MMCME2_ADV_X1Y0 | X1Y0         |           2 |               0 |              24.615 | clk_40MHz_clk_wiz_1  | u_clk_1/mmcm_adv_inst/CLKOUT2  | u_clk_1/clk_40MHz_clk_wiz_1  |
| src5      | g6        | MMCME2_ADV/CLKFBOUT | None       | MMCME2_ADV_X1Y0 | X1Y0         |           1 |               0 |              10.000 | clkfbout_clk_wiz_1   | u_clk_1/mmcm_adv_inst/CLKFBOUT | u_clk_1/clkfbout_clk_wiz_1   |
+-----------+-----------+---------------------+------------+-----------------+--------------+-------------+-----------------+---------------------+----------------------+--------------------------------+------------------------------+
* Clock Loads column represents the clock pin loads (pin count)
** Non-Clock Loads column represents the non-clock pin loads (pin count)


4. Clock Regions: Key Resource Utilization
------------------------------------------

+-------------------+--------------+--------------+--------------+--------------+--------------+--------------+--------------+--------------+--------------+--------------+--------------+--------------+--------------+--------------+--------------+
|                   | Global Clock |     BUFRs    |    BUFMRs    |    BUFIOs    |     MMCM     |      PLL     |      GT      |      PCI     |    ILOGIC    |    OLOGIC    |      FF      |     LUTM     |    RAMB18    |    RAMB36    |    DSP48E2   |
+-------------------+------+-------+------+-------+------+-------+------+-------+------+-------+------+-------+------+-------+------+-------+------+-------+------+-------+------+-------+------+-------+------+-------+------+-------+------+-------+
| Clock Region Name | Used | Avail | Used | Avail | Used | Avail | Used | Avail | Used | Avail | Used | Avail | Used | Avail | Used | Avail | Used | Avail | Used | Avail | Used | Avail | Used | Avail | Used | Avail | Used | Avail | Used | Avail |
+-------------------+------+-------+------+-------+------+-------+------+-------+------+-------+------+-------+------+-------+------+-------+------+-------+------+-------+------+-------+------+-------+------+-------+------+-------+------+-------+
| X0Y0              |    5 |    12 |    0 |     4 |    0 |     2 |    0 |     4 |    0 |     1 |    0 |     1 |    0 |     0 |    0 |     0 |    0 |    50 |    0 |    50 |  685 |  1200 |  256 |   400 |    0 |    20 |    1 |    10 |    0 |    20 |
| X1Y0              |    1 |    12 |    0 |     4 |    0 |     2 |    0 |     4 |    1 |     1 |    0 |     1 |    0 |     0 |    0 |     0 |    0 |    50 |    0 |    50 |    0 |  1500 |    0 |   450 |    0 |    40 |    0 |    20 |    0 |    20 |
| X0Y1              |    0 |    12 |    0 |     4 |    0 |     2 |    0 |     4 |    0 |     1 |    0 |     1 |    0 |     0 |    0 |     0 |    0 |    50 |    0 |    50 |    0 |  1200 |    0 |   400 |    0 |    20 |    0 |    10 |    0 |    20 |
| X1Y1              |    1 |    12 |    0 |     4 |    0 |     2 |    0 |     4 |    0 |     1 |    0 |     1 |    0 |     0 |    0 |     0 |    0 |    50 |    1 |    50 |    0 |  1500 |    0 |   450 |    0 |    40 |    0 |    20 |    0 |    20 |
| X0Y2              |    0 |    12 |    0 |     4 |    0 |     2 |    0 |     4 |    0 |     1 |    0 |     1 |    0 |     0 |    0 |     0 |    0 |    50 |    0 |    50 |    0 |  1800 |    0 |   400 |    0 |    20 |    0 |    10 |    0 |    20 |
| X1Y2              |    0 |    12 |    0 |     0 |    0 |     0 |    0 |     0 |    0 |     0 |    0 |     0 |    0 |     4 |    0 |     1 |    0 |     0 |    0 |     0 |    0 |   950 |    0 |   300 |    0 |    10 |    0 |     5 |    0 |    20 |
+-------------------+------+-------+------+-------+------+-------+------+-------+------+-------+------+-------+------+-------+------+-------+------+-------+------+-------+------+-------+------+-------+------+-------+------+-------+------+-------+
* Global Clock column represents track count; while other columns represents cell counts


5. Clock Regions : Global Clock Summary
---------------------------------------

All Modules
+----+----+----+
|    | X0 | X1 |
+----+----+----+
| Y2 |  0 |  0 |
| Y1 |  0 |  1 |
| Y0 |  5 |  1 |
+----+----+----+


6. Device Cell Placement Summary for Global Clock g0
----------------------------------------------------

+-----------+-----------------+-------------------+---------------------+-------------+---------------+-------------+----------+----------------+----------+-------------------+
| Global Id | Driver Type/Pin | Driver Region (D) | Clock               | Period (ns) | Waveform (ns) | Slice Loads | IO Loads | Clocking Loads | GT Loads | Net               |
+-----------+-----------------+-------------------+---------------------+-------------+---------------+-------------+----------+----------------+----------+-------------------+
| g0        | BUFGCTRL/O      | n/a               | clk_65MHz_clk_wiz_1 |      15.385 | {0.000 7.692} |         353 |        0 |              0 |        0 | u_clk_1/clk_65MHz |
+-----------+-----------------+-------------------+---------------------+-------------+---------------+-------------+----------+----------------+----------+-------------------+
* Slice Loads column represents load cell count of all cell types other than IO, GT and clock resources
** IO Loads column represents load cell count of IO types
*** Clocking Loads column represents load cell count that are clock resources (global clock buffer, MMCM, PLL, etc)
**** GT Loads column represents load cell count of GT types


+----+------+----+-----------------------+
|    | X0   | X1 | HORIZONTAL PROG DELAY |
+----+------+----+-----------------------+
| Y2 |    0 |  0 |                     - |
| Y1 |    0 |  0 |                     - |
| Y0 |  353 |  0 |                     0 |
+----+------+----+-----------------------+


7. Device Cell Placement Summary for Global Clock g1
----------------------------------------------------

+-----------+-----------------+-------------------+---------------------+-------------+---------------+-------------+----------+----------------+----------+------------------------------------+
| Global Id | Driver Type/Pin | Driver Region (D) | Clock               | Period (ns) | Waveform (ns) | Slice Loads | IO Loads | Clocking Loads | GT Loads | Net                                |
+-----------+-----------------+-------------------+---------------------+-------------+---------------+-------------+----------+----------------+----------+------------------------------------+
| g1        | BUFH/O          | X0Y0              | clk_65MHz_clk_wiz_1 |      15.385 | {0.000 7.692} |           8 |        0 |              0 |        0 | u_clk_1/clk_65MHz_clk_wiz_1_en_clk |
+-----------+-----------------+-------------------+---------------------+-------------+---------------+-------------+----------+----------------+----------+------------------------------------+
* Slice Loads column represents load cell count of all cell types other than IO, GT and clock resources
** IO Loads column represents load cell count of IO types
*** Clocking Loads column represents load cell count that are clock resources (global clock buffer, MMCM, PLL, etc)
**** GT Loads column represents load cell count of GT types


+----+--------+----+-----------------------+
|    | X0     | X1 | HORIZONTAL PROG DELAY |
+----+--------+----+-----------------------+
| Y2 |      0 |  0 |                     - |
| Y1 |      0 |  0 |                     - |
| Y0 |  (D) 8 |  0 |                     0 |
+----+--------+----+-----------------------+


8. Device Cell Placement Summary for Global Clock g2
----------------------------------------------------

+-----------+-----------------+-------------------+----------------------+-------------+---------------+-------------+----------+----------------+----------+--------------------+
| Global Id | Driver Type/Pin | Driver Region (D) | Clock                | Period (ns) | Waveform (ns) | Slice Loads | IO Loads | Clocking Loads | GT Loads | Net                |
+-----------+-----------------+-------------------+----------------------+-------------+---------------+-------------+----------+----------------+----------+--------------------+
| g2        | BUFGCTRL/O      | n/a               | clk_100MHz_clk_wiz_1 |      10.000 | {0.000 5.000} |         315 |        0 |              0 |        0 | u_clk_1/clk_100MHz |
+-----------+-----------------+-------------------+----------------------+-------------+---------------+-------------+----------+----------------+----------+--------------------+
* Slice Loads column represents load cell count of all cell types other than IO, GT and clock resources
** IO Loads column represents load cell count of IO types
*** Clocking Loads column represents load cell count that are clock resources (global clock buffer, MMCM, PLL, etc)
**** GT Loads column represents load cell count of GT types


+----+------+----+-----------------------+
|    | X0   | X1 | HORIZONTAL PROG DELAY |
+----+------+----+-----------------------+
| Y2 |    0 |  0 |                     - |
| Y1 |    0 |  0 |                     - |
| Y0 |  315 |  0 |                     0 |
+----+------+----+-----------------------+


9. Device Cell Placement Summary for Global Clock g3
----------------------------------------------------

+-----------+-----------------+-------------------+----------------------+-------------+---------------+-------------+----------+----------------+----------+-------------------------------------+
| Global Id | Driver Type/Pin | Driver Region (D) | Clock                | Period (ns) | Waveform (ns) | Slice Loads | IO Loads | Clocking Loads | GT Loads | Net                                 |
+-----------+-----------------+-------------------+----------------------+-------------+---------------+-------------+----------+----------------+----------+-------------------------------------+
| g3        | BUFH/O          | X0Y0              | clk_100MHz_clk_wiz_1 |      10.000 | {0.000 5.000} |           8 |        0 |              0 |        0 | u_clk_1/clk_100MHz_clk_wiz_1_en_clk |
+-----------+-----------------+-------------------+----------------------+-------------+---------------+-------------+----------+----------------+----------+-------------------------------------+
* Slice Loads column represents load cell count of all cell types other than IO, GT and clock resources
** IO Loads column represents load cell count of IO types
*** Clocking Loads column represents load cell count that are clock resources (global clock buffer, MMCM, PLL, etc)
**** GT Loads column represents load cell count of GT types


+----+--------+----+-----------------------+
|    | X0     | X1 | HORIZONTAL PROG DELAY |
+----+--------+----+-----------------------+
| Y2 |      0 |  0 |                     - |
| Y1 |      0 |  0 |                     - |
| Y0 |  (D) 8 |  0 |                     0 |
+----+--------+----+-----------------------+


10. Device Cell Placement Summary for Global Clock g4
-----------------------------------------------------

+-----------+-----------------+-------------------+---------------------+-------------+----------------+-------------+----------+----------------+----------+------------------------------------+
| Global Id | Driver Type/Pin | Driver Region (D) | Clock               | Period (ns) | Waveform (ns)  | Slice Loads | IO Loads | Clocking Loads | GT Loads | Net                                |
+-----------+-----------------+-------------------+---------------------+-------------+----------------+-------------+----------+----------------+----------+------------------------------------+
| g4        | BUFH/O          | X0Y0              | clk_40MHz_clk_wiz_1 |      24.615 | {0.000 12.308} |           8 |        0 |              0 |        0 | u_clk_1/clk_40MHz_clk_wiz_1_en_clk |
+-----------+-----------------+-------------------+---------------------+-------------+----------------+-------------+----------+----------------+----------+------------------------------------+
* Slice Loads column represents load cell count of all cell types other than IO, GT and clock resources
** IO Loads column represents load cell count of IO types
*** Clocking Loads column represents load cell count that are clock resources (global clock buffer, MMCM, PLL, etc)
**** GT Loads column represents load cell count of GT types


+----+--------+----+-----------------------+
|    | X0     | X1 | HORIZONTAL PROG DELAY |
+----+--------+----+-----------------------+
| Y2 |      0 |  0 |                     - |
| Y1 |      0 |  0 |                     - |
| Y0 |  (D) 8 |  0 |                     0 |
+----+--------+----+-----------------------+


11. Device Cell Placement Summary for Global Clock g5
-----------------------------------------------------

+-----------+-----------------+-------------------+---------------------+-------------+----------------+-------------+----------+----------------+----------+-------------------+
| Global Id | Driver Type/Pin | Driver Region (D) | Clock               | Period (ns) | Waveform (ns)  | Slice Loads | IO Loads | Clocking Loads | GT Loads | Net               |
+-----------+-----------------+-------------------+---------------------+-------------+----------------+-------------+----------+----------------+----------+-------------------+
| g5        | BUFGCTRL/O      | n/a               | clk_40MHz_clk_wiz_1 |      24.615 | {0.000 12.308} |           1 |        0 |              0 |        0 | u_clk_1/clk_40MHz |
+-----------+-----------------+-------------------+---------------------+-------------+----------------+-------------+----------+----------------+----------+-------------------+
* Slice Loads column represents load cell count of all cell types other than IO, GT and clock resources
** IO Loads column represents load cell count of IO types
*** Clocking Loads column represents load cell count that are clock resources (global clock buffer, MMCM, PLL, etc)
**** GT Loads column represents load cell count of GT types


+----+----+----+-----------------------+
|    | X0 | X1 | HORIZONTAL PROG DELAY |
+----+----+----+-----------------------+
| Y2 |  0 |  0 |                     - |
| Y1 |  0 |  1 |                     0 |
| Y0 |  0 |  0 |                     - |
+----+----+----+-----------------------+


12. Device Cell Placement Summary for Global Clock g6
-----------------------------------------------------

+-----------+-----------------+-------------------+--------------------+-------------+---------------+-------------+----------+----------------+----------+--------------------------------+
| Global Id | Driver Type/Pin | Driver Region (D) | Clock              | Period (ns) | Waveform (ns) | Slice Loads | IO Loads | Clocking Loads | GT Loads | Net                            |
+-----------+-----------------+-------------------+--------------------+-------------+---------------+-------------+----------+----------------+----------+--------------------------------+
| g6        | BUFG/O          | n/a               | clkfbout_clk_wiz_1 |      10.000 | {0.000 5.000} |           0 |        0 |              1 |        0 | u_clk_1/clkfbout_buf_clk_wiz_1 |
+-----------+-----------------+-------------------+--------------------+-------------+---------------+-------------+----------+----------------+----------+--------------------------------+
* Slice Loads column represents load cell count of all cell types other than IO, GT and clock resources
** IO Loads column represents load cell count of IO types
*** Clocking Loads column represents load cell count that are clock resources (global clock buffer, MMCM, PLL, etc)
**** GT Loads column represents load cell count of GT types


+----+----+----+-----------------------+
|    | X0 | X1 | HORIZONTAL PROG DELAY |
+----+----+----+-----------------------+
| Y2 |  0 |  0 |                     - |
| Y1 |  0 |  0 |                     - |
| Y0 |  0 |  1 |                     0 |
+----+----+----+-----------------------+


13. Clock Region Cell Placement per Global Clock: Region X0Y0
-------------------------------------------------------------

+-----------+-------+-----------------+------------+-------------+-----------------+-----+-------------+------+-----+----+------+-----+---------+-------------------------------------+
| Global Id | Track | Driver Type/Pin | Constraint | Clock Loads | Non-Clock Loads | FF  | Memory LUTs | RAMB | DSP | GT | MMCM | PLL | Hard IP | Net                                 |
+-----------+-------+-----------------+------------+-------------+-----------------+-----+-------------+------+-----+----+------+-----+---------+-------------------------------------+
| g0        | n/a   | BUFGCTRL/O      | None       |         353 |               0 | 346 |           4 |    1 |   0 |  0 |    0 |   0 |       0 | u_clk_1/clk_65MHz                   |
| g2        | n/a   | BUFGCTRL/O      | None       |         315 |               0 | 315 |           0 |    0 |   0 |  0 |    0 |   0 |       0 | u_clk_1/clk_100MHz                  |
| g3        | n/a   | BUFH/O          | None       |           8 |               0 |   8 |           0 |    0 |   0 |  0 |    0 |   0 |       0 | u_clk_1/clk_100MHz_clk_wiz_1_en_clk |
| g4        | n/a   | BUFH/O          | None       |           8 |               0 |   8 |           0 |    0 |   0 |  0 |    0 |   0 |       0 | u_clk_1/clk_40MHz_clk_wiz_1_en_clk  |
| g1        | n/a   | BUFH/O          | None       |           8 |               0 |   8 |           0 |    0 |   0 |  0 |    0 |   0 |       0 | u_clk_1/clk_65MHz_clk_wiz_1_en_clk  |
+-----------+-------+-----------------+------------+-------------+-----------------+-----+-------------+------+-----+----+------+-----+---------+-------------------------------------+
* Clock Loads column represents the clock pin loads (pin count)
** Non-Clock Loads column represents the non-clock pin loads (pin count)
*** Columns FF, LUTRAM, RAMB through 'Hard IP' represents load cell counts


14. Clock Region Cell Placement per Global Clock: Region X1Y0
-------------------------------------------------------------

+-----------+-------+-----------------+------------+-------------+-----------------+----+-------------+------+-----+----+------+-----+---------+--------------------------------+
| Global Id | Track | Driver Type/Pin | Constraint | Clock Loads | Non-Clock Loads | FF | Memory LUTs | RAMB | DSP | GT | MMCM | PLL | Hard IP | Net                            |
+-----------+-------+-----------------+------------+-------------+-----------------+----+-------------+------+-----+----+------+-----+---------+--------------------------------+
| g6        | n/a   | BUFG/O          | None       |           1 |               0 |  0 |           0 |    0 |   0 |  0 |    1 |   0 |       0 | u_clk_1/clkfbout_buf_clk_wiz_1 |
+-----------+-------+-----------------+------------+-------------+-----------------+----+-------------+------+-----+----+------+-----+---------+--------------------------------+
* Clock Loads column represents the clock pin loads (pin count)
** Non-Clock Loads column represents the non-clock pin loads (pin count)
*** Columns FF, LUTRAM, RAMB through 'Hard IP' represents load cell counts


15. Clock Region Cell Placement per Global Clock: Region X1Y1
-------------------------------------------------------------

+-----------+-------+-----------------+------------+-------------+-----------------+----+-------------+------+-----+----+------+-----+---------+-------------------+
| Global Id | Track | Driver Type/Pin | Constraint | Clock Loads | Non-Clock Loads | FF | Memory LUTs | RAMB | DSP | GT | MMCM | PLL | Hard IP | Net               |
+-----------+-------+-----------------+------------+-------------+-----------------+----+-------------+------+-----+----+------+-----+---------+-------------------+
| g5        | n/a   | BUFGCTRL/O      | None       |           1 |               0 |  0 |           0 |    0 |   0 |  0 |    0 |   0 |       0 | u_clk_1/clk_40MHz |
+-----------+-------+-----------------+------------+-------------+-----------------+----+-------------+------+-----+----+------+-----+---------+-------------------+
* Clock Loads column represents the clock pin loads (pin count)
** Non-Clock Loads column represents the non-clock pin loads (pin count)
*** Columns FF, LUTRAM, RAMB through 'Hard IP' represents load cell counts



# Location of BUFG Primitives 
set_property LOC BUFGCTRL_X0Y3 [get_cells u_clk_1/clkf_buf]
set_property LOC BUFGCTRL_X0Y1 [get_cells u_clk_1/clkout2_buf]
set_property LOC BUFGCTRL_X0Y0 [get_cells u_clk_1/clkout3_buf]
set_property LOC BUFGCTRL_X0Y2 [get_cells u_clk_1/clkout1_buf]

# Location of BUFH Primitives 
set_property LOC BUFHCE_X0Y1 [get_cells u_clk_1/clkout2_buf_en]
set_property LOC BUFHCE_X0Y2 [get_cells u_clk_1/clkout3_buf_en]
set_property LOC BUFHCE_X0Y0 [get_cells u_clk_1/clkout1_buf_en]

# Location of IO Primitives which is load of clock spine

# Location of clock ports
set_property LOC IOB_X1Y26 [get_ports clk]

# Clock net "u_clk_1/clk_65MHz_clk_wiz_1_en_clk" driven by instance "u_clk_1/clkout2_buf_en" located at site "BUFHCE_X0Y1"
#startgroup
create_pblock {CLKAG_u_clk_1/clk_65MHz_clk_wiz_1_en_clk}
add_cells_to_pblock [get_pblocks  {CLKAG_u_clk_1/clk_65MHz_clk_wiz_1_en_clk}] [get_cells -filter { PRIMITIVE_GROUP != I/O && IS_PRIMITIVE==1 && PRIMITIVE_LEVEL !=INTERNAL } -of_object [get_pins -filter {DIRECTION==IN} -of_objects [get_nets -hierarchical -filter {PARENT=="u_clk_1/clk_65MHz_clk_wiz_1_en_clk"}]]]
resize_pblock [get_pblocks {CLKAG_u_clk_1/clk_65MHz_clk_wiz_1_en_clk}] -add {CLOCKREGION_X0Y0:CLOCKREGION_X0Y0}
#endgroup

# Clock net "u_clk_1/clk_65MHz" driven by instance "u_clk_1/clkout2_buf" located at site "BUFGCTRL_X0Y1"
#startgroup
create_pblock {CLKAG_u_clk_1/clk_65MHz}
add_cells_to_pblock [get_pblocks  {CLKAG_u_clk_1/clk_65MHz}] [get_cells -filter { PRIMITIVE_GROUP != I/O && IS_PRIMITIVE==1 && PRIMITIVE_LEVEL !=INTERNAL } -of_object [get_pins -filter {DIRECTION==IN} -of_objects [get_nets -hierarchical -filter {PARENT=="u_clk_1/clk_65MHz"}]]]
resize_pblock [get_pblocks {CLKAG_u_clk_1/clk_65MHz}] -add {CLOCKREGION_X0Y0:CLOCKREGION_X0Y0}
#endgroup

# Clock net "u_clk_1/clk_40MHz_clk_wiz_1_en_clk" driven by instance "u_clk_1/clkout3_buf_en" located at site "BUFHCE_X0Y2"
#startgroup
create_pblock {CLKAG_u_clk_1/clk_40MHz_clk_wiz_1_en_clk}
add_cells_to_pblock [get_pblocks  {CLKAG_u_clk_1/clk_40MHz_clk_wiz_1_en_clk}] [get_cells -filter { PRIMITIVE_GROUP != I/O && IS_PRIMITIVE==1 && PRIMITIVE_LEVEL !=INTERNAL } -of_object [get_pins -filter {DIRECTION==IN} -of_objects [get_nets -hierarchical -filter {PARENT=="u_clk_1/clk_40MHz_clk_wiz_1_en_clk"}]]]
resize_pblock [get_pblocks {CLKAG_u_clk_1/clk_40MHz_clk_wiz_1_en_clk}] -add {CLOCKREGION_X0Y0:CLOCKREGION_X0Y0}
#endgroup

# Clock net "u_clk_1/clk_40MHz" driven by instance "u_clk_1/clkout3_buf" located at site "BUFGCTRL_X0Y0"
#startgroup
create_pblock {CLKAG_u_clk_1/clk_40MHz}
add_cells_to_pblock [get_pblocks  {CLKAG_u_clk_1/clk_40MHz}] [get_cells -filter { PRIMITIVE_GROUP != I/O && IS_PRIMITIVE==1 && PRIMITIVE_LEVEL !=INTERNAL } -of_object [get_pins -filter {DIRECTION==IN} -of_objects [get_nets -hierarchical -filter {PARENT=="u_clk_1/clk_40MHz"}]]]
resize_pblock [get_pblocks {CLKAG_u_clk_1/clk_40MHz}] -add {CLOCKREGION_X1Y1:CLOCKREGION_X1Y1}
#endgroup

# Clock net "u_clk_1/clk_100MHz_clk_wiz_1_en_clk" driven by instance "u_clk_1/clkout1_buf_en" located at site "BUFHCE_X0Y0"
#startgroup
create_pblock {CLKAG_u_clk_1/clk_100MHz_clk_wiz_1_en_clk}
add_cells_to_pblock [get_pblocks  {CLKAG_u_clk_1/clk_100MHz_clk_wiz_1_en_clk}] [get_cells -filter { PRIMITIVE_GROUP != I/O && IS_PRIMITIVE==1 && PRIMITIVE_LEVEL !=INTERNAL } -of_object [get_pins -filter {DIRECTION==IN} -of_objects [get_nets -hierarchical -filter {PARENT=="u_clk_1/clk_100MHz_clk_wiz_1_en_clk"}]]]
resize_pblock [get_pblocks {CLKAG_u_clk_1/clk_100MHz_clk_wiz_1_en_clk}] -add {CLOCKREGION_X0Y0:CLOCKREGION_X0Y0}
#endgroup

# Clock net "u_clk_1/clk_100MHz" driven by instance "u_clk_1/clkout1_buf" located at site "BUFGCTRL_X0Y2"
#startgroup
create_pblock {CLKAG_u_clk_1/clk_100MHz}
add_cells_to_pblock [get_pblocks  {CLKAG_u_clk_1/clk_100MHz}] [get_cells -filter { PRIMITIVE_GROUP != I/O && IS_PRIMITIVE==1 && PRIMITIVE_LEVEL !=INTERNAL } -of_object [get_pins -filter {DIRECTION==IN} -of_objects [get_nets -hierarchical -filter {PARENT=="u_clk_1/clk_100MHz"}]]]
resize_pblock [get_pblocks {CLKAG_u_clk_1/clk_100MHz}] -add {CLOCKREGION_X0Y0:CLOCKREGION_X0Y0}
#endgroup
