Copyright 1986-2021 Xilinx, Inc. All Rights Reserved.
--------------------------------------------------------------------------------------------------------------------------------------------------------------------------------
| Tool Version : Vivado v.2021.2 (lin64) Build 3367213 Tue Oct 19 02:47:39 MDT 2021
| Date         : Wed Jul 26 15:08:08 2023
| Host         : cadence32 running 64-bit CentOS Linux release 7.9.2009 (Core)
| Command      : report_methodology -file top_vga_basys3_methodology_drc_routed.rpt -pb top_vga_basys3_methodology_drc_routed.pb -rpx top_vga_basys3_methodology_drc_routed.rpx
| Design       : top_vga_basys3
| Device       : xc7a35tcpg236-1
| Speed File   : -1
| Design State : Fully Routed
--------------------------------------------------------------------------------------------------------------------------------------------------------------------------------

Report Methodology

Table of Contents
-----------------
1. REPORT SUMMARY
2. REPORT DETAILS

1. REPORT SUMMARY
-----------------
            Netlist: netlist
          Floorplan: design_1
      Design limits: <entire design considered>
             Max violations: <unlimited>
             Violations found: 17
+-----------+----------+-------------------------------+------------+
| Rule      | Severity | Description                   | Violations |
+-----------+----------+-------------------------------+------------+
| TIMING-18 | Warning  | Missing input or output delay | 17         |
+-----------+----------+-------------------------------+------------+

2. REPORT DETAILS
-----------------
TIMING-18#1 Warning
Missing input or output delay  
An input delay is missing on PS2Clk relative to clock(s) clk
Related violations: <none>

TIMING-18#2 Warning
Missing input or output delay  
An input delay is missing on PS2Data relative to clock(s) clk
Related violations: <none>

TIMING-18#3 Warning
Missing input or output delay  
An input delay is missing on btnC relative to clock(s) clk
Related violations: <none>

TIMING-18#4 Warning
Missing input or output delay  
An output delay is missing on Hsync relative to clock(s) clk
Related violations: <none>

TIMING-18#5 Warning
Missing input or output delay  
An output delay is missing on Vsync relative to clock(s) clk
Related violations: <none>

TIMING-18#6 Warning
Missing input or output delay  
An output delay is missing on vgaBlue[0] relative to clock(s) clk
Related violations: <none>

TIMING-18#7 Warning
Missing input or output delay  
An output delay is missing on vgaBlue[1] relative to clock(s) clk
Related violations: <none>

TIMING-18#8 Warning
Missing input or output delay  
An output delay is missing on vgaBlue[2] relative to clock(s) clk
Related violations: <none>

TIMING-18#9 Warning
Missing input or output delay  
An output delay is missing on vgaBlue[3] relative to clock(s) clk
Related violations: <none>

TIMING-18#10 Warning
Missing input or output delay  
An output delay is missing on vgaGreen[0] relative to clock(s) clk
Related violations: <none>

TIMING-18#11 Warning
Missing input or output delay  
An output delay is missing on vgaGreen[1] relative to clock(s) clk
Related violations: <none>

TIMING-18#12 Warning
Missing input or output delay  
An output delay is missing on vgaGreen[2] relative to clock(s) clk
Related violations: <none>

TIMING-18#13 Warning
Missing input or output delay  
An output delay is missing on vgaGreen[3] relative to clock(s) clk
Related violations: <none>

TIMING-18#14 Warning
Missing input or output delay  
An output delay is missing on vgaRed[0] relative to clock(s) clk
Related violations: <none>

TIMING-18#15 Warning
Missing input or output delay  
An output delay is missing on vgaRed[1] relative to clock(s) clk
Related violations: <none>

TIMING-18#16 Warning
Missing input or output delay  
An output delay is missing on vgaRed[2] relative to clock(s) clk
Related violations: <none>

TIMING-18#17 Warning
Missing input or output delay  
An output delay is missing on vgaRed[3] relative to clock(s) clk
Related violations: <none>


