#-----------------------------------------------------------
# Vivado v2021.2 (64-bit)
# SW Build 3367213 on Tue Oct 19 02:47:39 MDT 2021
# IP Build 3369179 on Thu Oct 21 08:25:16 MDT 2021
# Start of session at: Wed Jul 26 13:19:04 2023
# Process ID: 22537
# Current directory: /home/student/mslupski/Projekt/projekt_main/fpga
# Command line: vivado -mode tcl -source scripts/generate_bitstream.tcl
# Log file: /home/student/mslupski/Projekt/projekt_main/fpga/vivado.log
# Journal file: /home/student/mslupski/Projekt/projekt_main/fpga/vivado.jou
# Running On: cadence28, OS: Linux, CPU Frequency: 3232.812 MHz, CPU Physical cores: 4, Host memory: 16720 MB
#-----------------------------------------------------------
source scripts/generate_bitstream.tcl
# source scripts/project_details.tcl
## set project_name vga_project
## set top_module top_vga_basys3
## set target xc7a35tcpg236-1
## set xdc_files {
##     constraints/top_vga_basys3.xdc
##     constraints/clk_wiz_0.xdc
##     constraints/clk_wiz_0_late.xdc
##     
## }
## set sv_files {
##     ../rtl/vga_pkg.sv
##     ../rtl/vga_timing.sv
##     ../rtl/draw_bg.sv
##     ../rtl/vga_if.sv
##     ../rtl/draw_rect.sv
##     ../rtl/draw_rect_ctl.sv
##     ../rtl/top_vga.sv
##     ../rtl/image_rom.sv
##     ../rtl/draw_mouse.sv
##     ../rtl/draw_rect_char.sv
##     ../rtl/char_rom_16x16.sv
##     rtl/top_vga_basys3.sv
## }
## set verilog_files {
##     ../fpga/rtl/clk_wiz_0_clk_wiz.v
##     ../fpga/rtl/clk_wiz_0.v 
##     ../rtl/font_rom.v 
##      
##  }
## set vhdl_files {
##     ../rtl/MouseCtl.vhd
##     ../rtl/Ps2Interface.vhd
##     ../rtl/MouseDisplay.vhd
##     rtl/top_vga_basys3.sv
##     
##  }
## set mem_files {
##     ../rtl/picture/image_rom.data
## }
# proc create_new_project {project_name target top_module} {
#     file mkdir build
#     create_project ${project_name} build -part ${target} -force
# 
#     # read files from the variables provided by the project_details.tcl
#     if {[info exists ::xdc_files]}     {read_xdc ${::xdc_files}}
#     if {[info exists ::sv_files]}      {read_verilog -sv ${::sv_files}}
#     if {[info exists ::verilog_files]} {read_verilog ${::verilog_files}}
#     if {[info exists ::vhdl_files]}    {read_vhdl ${::vhdl_files}}
#     if {[info exists ::mem_files]}     {read_mem ${::mem_files}}
# 
#     set_property top ${top_module} [current_fileset]
#     update_compile_order -fileset sources_1
# }
# proc generate_bitstream {} {
#     # Run synthesis
#     reset_run synth_1
#     launch_runs synth_1 -jobs 8
#     wait_on_run synth_1
# 
#     # Run implemenatation up to bitstream generation
#     launch_runs impl_1 -to_step write_bitstream -jobs 8
#     wait_on_run impl_1
# }
# create_new_project $project_name $target $top_module
WARNING: [filemgmt 56-12] File '/home/student/mslupski/Projekt/projekt_main/fpga/rtl/top_vga_basys3.sv' cannot be added to the project because it already exists in the project, skipping this file
# generate_bitstream
WARNING: [Vivado 12-7122] Auto Incremental Compile:: No reference checkpoint was found in run synth_1. Auto-incremental flow will not be run, the standard flow will be run instead.
[Wed Jul 26 13:19:19 2023] Launched synth_1...
Run output will be captured here: /home/student/mslupski/Projekt/projekt_main/fpga/build/vga_project.runs/synth_1/runme.log
[Wed Jul 26 13:19:19 2023] Waiting for synth_1 to finish...

*** Running vivado
    with args -log top_vga_basys3.vds -m64 -product Vivado -mode batch -messageDb vivado.pb -notrace -source top_vga_basys3.tcl


****** Vivado v2021.2 (64-bit)
  **** SW Build 3367213 on Tue Oct 19 02:47:39 MDT 2021
  **** IP Build 3369179 on Thu Oct 21 08:25:16 MDT 2021
    ** Copyright 1986-2021 Xilinx, Inc. All Rights Reserved.

source top_vga_basys3.tcl -notrace
Command: synth_design -top top_vga_basys3 -part xc7a35tcpg236-1
Starting synth_design
Attempting to get a license for feature 'Synthesis' and/or device 'xc7a35t'
INFO: [Common 17-349] Got license for feature 'Synthesis' and/or device 'xc7a35t'
INFO: [Device 21-403] Loading part xc7a35tcpg236-1
INFO: [Synth 8-7079] Multithreading enabled for synth_design using a maximum of 4 processes.
INFO: [Synth 8-7078] Launching helper process for spawning children vivado processes
INFO: [Synth 8-7075] Helper process launched with PID 22913
---------------------------------------------------------------------------------
Starting RTL Elaboration : Time (s): cpu = 00:00:03 ; elapsed = 00:00:03 . Memory (MB): peak = 2717.805 ; gain = 0.000 ; free physical = 6547 ; free virtual = 16743
---------------------------------------------------------------------------------
INFO: [Synth 8-6157] synthesizing module 'top_vga_basys3' [/home/student/mslupski/Projekt/projekt_main/fpga/rtl/top_vga_basys3.sv:17]
INFO: [Synth 8-6157] synthesizing module 'clk_wiz_0_clk_wiz' [/home/student/mslupski/Projekt/projekt_main/fpga/rtl/clk_wiz_0_clk_wiz.v:69]
INFO: [Synth 8-6157] synthesizing module 'IBUF' [/home_local/Xilinx/Vivado/2021.2/scripts/rt/data/unisim_comp.v:55204]
INFO: [Synth 8-6155] done synthesizing module 'IBUF' (1#1) [/home_local/Xilinx/Vivado/2021.2/scripts/rt/data/unisim_comp.v:55204]
INFO: [Synth 8-6157] synthesizing module 'MMCME2_ADV' [/home_local/Xilinx/Vivado/2021.2/scripts/rt/data/unisim_comp.v:63510]
	Parameter BANDWIDTH bound to: OPTIMIZED - type: string 
	Parameter CLKFBOUT_MULT_F bound to: 10.000000 - type: double 
	Parameter CLKFBOUT_PHASE bound to: 0.000000 - type: double 
	Parameter CLKFBOUT_USE_FINE_PS bound to: FALSE - type: string 
	Parameter CLKIN1_PERIOD bound to: 10.000000 - type: double 
	Parameter CLKOUT0_DIVIDE_F bound to: 10.000000 - type: double 
	Parameter CLKOUT0_DUTY_CYCLE bound to: 0.500000 - type: double 
	Parameter CLKOUT0_PHASE bound to: 0.000000 - type: double 
	Parameter CLKOUT0_USE_FINE_PS bound to: FALSE - type: string 
	Parameter CLKOUT1_DIVIDE bound to: 25 - type: integer 
	Parameter CLKOUT1_DUTY_CYCLE bound to: 0.500000 - type: double 
	Parameter CLKOUT1_PHASE bound to: 0.000000 - type: double 
	Parameter CLKOUT1_USE_FINE_PS bound to: FALSE - type: string 
	Parameter CLKOUT4_CASCADE bound to: FALSE - type: string 
	Parameter COMPENSATION bound to: ZHOLD - type: string 
	Parameter DIVCLK_DIVIDE bound to: 1 - type: integer 
	Parameter STARTUP_WAIT bound to: FALSE - type: string 
INFO: [Synth 8-6155] done synthesizing module 'MMCME2_ADV' (2#1) [/home_local/Xilinx/Vivado/2021.2/scripts/rt/data/unisim_comp.v:63510]
INFO: [Synth 8-6157] synthesizing module 'BUFG' [/home_local/Xilinx/Vivado/2021.2/scripts/rt/data/unisim_comp.v:1083]
INFO: [Synth 8-6155] done synthesizing module 'BUFG' (3#1) [/home_local/Xilinx/Vivado/2021.2/scripts/rt/data/unisim_comp.v:1083]
INFO: [Synth 8-6157] synthesizing module 'BUFGCE' [/home_local/Xilinx/Vivado/2021.2/scripts/rt/data/unisim_comp.v:1093]
INFO: [Synth 8-6155] done synthesizing module 'BUFGCE' (4#1) [/home_local/Xilinx/Vivado/2021.2/scripts/rt/data/unisim_comp.v:1093]
INFO: [Synth 8-6157] synthesizing module 'BUFH' [/home_local/Xilinx/Vivado/2021.2/scripts/rt/data/unisim_comp.v:1319]
INFO: [Synth 8-6155] done synthesizing module 'BUFH' (5#1) [/home_local/Xilinx/Vivado/2021.2/scripts/rt/data/unisim_comp.v:1319]
INFO: [Synth 8-6155] done synthesizing module 'clk_wiz_0_clk_wiz' (6#1) [/home/student/mslupski/Projekt/projekt_main/fpga/rtl/clk_wiz_0_clk_wiz.v:69]
INFO: [Synth 8-6157] synthesizing module 'ODDR' [/home_local/Xilinx/Vivado/2021.2/scripts/rt/data/unisim_comp.v:74749]
INFO: [Synth 8-6155] done synthesizing module 'ODDR' (7#1) [/home_local/Xilinx/Vivado/2021.2/scripts/rt/data/unisim_comp.v:74749]
INFO: [Synth 8-6157] synthesizing module 'top_vga' [/home/student/mslupski/Projekt/projekt_main/rtl/top_vga.sv:17]
INFO: [Synth 8-6157] synthesizing module 'vga_if' [/home/student/mslupski/Projekt/projekt_main/rtl/vga_if.sv:2]
INFO: [Synth 8-6155] done synthesizing module 'vga_if' (7#1) [/home/student/mslupski/Projekt/projekt_main/rtl/vga_if.sv:2]
INFO: [Synth 8-6157] synthesizing module 'vga_if' [/home/student/mslupski/Projekt/projekt_main/rtl/vga_if.sv:2]
INFO: [Synth 8-6155] done synthesizing module 'vga_if' (7#1) [/home/student/mslupski/Projekt/projekt_main/rtl/vga_if.sv:2]
INFO: [Synth 8-6157] synthesizing module 'vga_if' [/home/student/mslupski/Projekt/projekt_main/rtl/vga_if.sv:2]
INFO: [Synth 8-6155] done synthesizing module 'vga_if' (7#1) [/home/student/mslupski/Projekt/projekt_main/rtl/vga_if.sv:2]
INFO: [Synth 8-6157] synthesizing module 'vga_if' [/home/student/mslupski/Projekt/projekt_main/rtl/vga_if.sv:2]
INFO: [Synth 8-6155] done synthesizing module 'vga_if' (7#1) [/home/student/mslupski/Projekt/projekt_main/rtl/vga_if.sv:2]
INFO: [Synth 8-6157] synthesizing module 'vga_if' [/home/student/mslupski/Projekt/projekt_main/rtl/vga_if.sv:2]
INFO: [Synth 8-6155] done synthesizing module 'vga_if' (7#1) [/home/student/mslupski/Projekt/projekt_main/rtl/vga_if.sv:2]
INFO: [Synth 8-6157] synthesizing module 'vga_timing' [/home/student/mslupski/Projekt/projekt_main/rtl/vga_timing.sv:12]
WARNING: [Synth 8-3848] Net tim_if_out\.rgb in module/entity vga_timing does not have driver. [/home/student/mslupski/Projekt/projekt_main/rtl/vga_timing.sv:16]
INFO: [Synth 8-6155] done synthesizing module 'vga_timing' (8#1) [/home/student/mslupski/Projekt/projekt_main/rtl/vga_timing.sv:12]
INFO: [Synth 8-6157] synthesizing module 'draw_bg' [/home/student/mslupski/Projekt/projekt_main/rtl/draw_bg.sv:13]
INFO: [Synth 8-6155] done synthesizing module 'draw_bg' (9#1) [/home/student/mslupski/Projekt/projekt_main/rtl/draw_bg.sv:13]
INFO: [Synth 8-6157] synthesizing module 'draw_rect' [/home/student/mslupski/Projekt/projekt_main/rtl/draw_rect.sv:3]
WARNING: [Synth 8-6014] Unused sequential element xpos_nxt_reg was removed.  [/home/student/mslupski/Projekt/projekt_main/rtl/draw_rect.sv:71]
WARNING: [Synth 8-6014] Unused sequential element ypos_nxt_reg was removed.  [/home/student/mslupski/Projekt/projekt_main/rtl/draw_rect.sv:72]
WARNING: [Synth 8-6014] Unused sequential element xpos_nxt2_reg was removed.  [/home/student/mslupski/Projekt/projekt_main/rtl/draw_rect.sv:97]
WARNING: [Synth 8-6014] Unused sequential element ypos_nxt2_reg was removed.  [/home/student/mslupski/Projekt/projekt_main/rtl/draw_rect.sv:98]
INFO: [Synth 8-6155] done synthesizing module 'draw_rect' (10#1) [/home/student/mslupski/Projekt/projekt_main/rtl/draw_rect.sv:3]
INFO: [Synth 8-638] synthesizing module 'MouseCtl' [/home/student/mslupski/Projekt/projekt_main/rtl/MouseCtl.vhd:207]
INFO: [Synth 8-3491] module 'Ps2Interface' declared at '/home/student/mslupski/Projekt/projekt_main/rtl/Ps2Interface.vhd:152' bound to instance 'Inst_Ps2Interface' of component 'Ps2Interface' [/home/student/mslupski/Projekt/projekt_main/rtl/MouseCtl.vhd:369]
INFO: [Synth 8-638] synthesizing module 'Ps2Interface' [/home/student/mslupski/Projekt/projekt_main/rtl/Ps2Interface.vhd:180]
INFO: [Synth 8-256] done synthesizing module 'Ps2Interface' (11#1) [/home/student/mslupski/Projekt/projekt_main/rtl/Ps2Interface.vhd:180]
WARNING: [Synth 8-6014] Unused sequential element set_x.inc_reg was removed.  [/home/student/mslupski/Projekt/projekt_main/rtl/MouseCtl.vhd:450]
WARNING: [Synth 8-6014] Unused sequential element set_x.x_inter_reg was removed.  [/home/student/mslupski/Projekt/projekt_main/rtl/MouseCtl.vhd:456]
WARNING: [Synth 8-6014] Unused sequential element set_y.inc_reg was removed.  [/home/student/mslupski/Projekt/projekt_main/rtl/MouseCtl.vhd:514]
WARNING: [Synth 8-6014] Unused sequential element set_y.y_inter_reg was removed.  [/home/student/mslupski/Projekt/projekt_main/rtl/MouseCtl.vhd:520]
INFO: [Synth 8-256] done synthesizing module 'MouseCtl' (12#1) [/home/student/mslupski/Projekt/projekt_main/rtl/MouseCtl.vhd:207]
WARNING: [Synth 8-7071] port 'zpos' of module 'MouseCtl' is unconnected for instance 'u_MouseCtl' [/home/student/mslupski/Projekt/projekt_main/rtl/top_vga.sv:124]
WARNING: [Synth 8-7071] port 'middle' of module 'MouseCtl' is unconnected for instance 'u_MouseCtl' [/home/student/mslupski/Projekt/projekt_main/rtl/top_vga.sv:124]
WARNING: [Synth 8-7071] port 'right' of module 'MouseCtl' is unconnected for instance 'u_MouseCtl' [/home/student/mslupski/Projekt/projekt_main/rtl/top_vga.sv:124]
WARNING: [Synth 8-7071] port 'new_event' of module 'MouseCtl' is unconnected for instance 'u_MouseCtl' [/home/student/mslupski/Projekt/projekt_main/rtl/top_vga.sv:124]
WARNING: [Synth 8-7071] port 'value' of module 'MouseCtl' is unconnected for instance 'u_MouseCtl' [/home/student/mslupski/Projekt/projekt_main/rtl/top_vga.sv:124]
WARNING: [Synth 8-7071] port 'setx' of module 'MouseCtl' is unconnected for instance 'u_MouseCtl' [/home/student/mslupski/Projekt/projekt_main/rtl/top_vga.sv:124]
WARNING: [Synth 8-7071] port 'sety' of module 'MouseCtl' is unconnected for instance 'u_MouseCtl' [/home/student/mslupski/Projekt/projekt_main/rtl/top_vga.sv:124]
WARNING: [Synth 8-7071] port 'setmax_x' of module 'MouseCtl' is unconnected for instance 'u_MouseCtl' [/home/student/mslupski/Projekt/projekt_main/rtl/top_vga.sv:124]
WARNING: [Synth 8-7071] port 'setmax_y' of module 'MouseCtl' is unconnected for instance 'u_MouseCtl' [/home/student/mslupski/Projekt/projekt_main/rtl/top_vga.sv:124]
WARNING: [Synth 8-7023] instance 'u_MouseCtl' of module 'MouseCtl' has 16 connections declared, but only 7 given [/home/student/mslupski/Projekt/projekt_main/rtl/top_vga.sv:124]
INFO: [Synth 8-6157] synthesizing module 'draw_mouse' [/home/student/mslupski/Projekt/projekt_main/rtl/draw_mouse.sv:3]
INFO: [Synth 8-638] synthesizing module 'MouseDisplay' [/home/student/mslupski/Projekt/projekt_main/rtl/MouseDisplay.vhd:119]
INFO: [Synth 8-256] done synthesizing module 'MouseDisplay' (13#1) [/home/student/mslupski/Projekt/projekt_main/rtl/MouseDisplay.vhd:119]
WARNING: [Synth 8-7071] port 'enable_mouse_display_out' of module 'MouseDisplay' is unconnected for instance 'u_MouseDispaly' [/home/student/mslupski/Projekt/projekt_main/rtl/draw_mouse.sv:46]
WARNING: [Synth 8-7023] instance 'u_MouseDispaly' of module 'MouseDisplay' has 9 connections declared, but only 8 given [/home/student/mslupski/Projekt/projekt_main/rtl/draw_mouse.sv:46]
WARNING: [Synth 8-3848] Net dmouse_if_out\.vcount in module/entity draw_mouse does not have driver. [/home/student/mslupski/Projekt/projekt_main/rtl/draw_mouse.sv:13]
WARNING: [Synth 8-3848] Net dmouse_if_out\.hcount in module/entity draw_mouse does not have driver. [/home/student/mslupski/Projekt/projekt_main/rtl/draw_mouse.sv:13]
WARNING: [Synth 8-3848] Net dmouse_if_out\.hblnk in module/entity draw_mouse does not have driver. [/home/student/mslupski/Projekt/projekt_main/rtl/draw_mouse.sv:13]
WARNING: [Synth 8-3848] Net dmouse_if_out\.vblnk in module/entity draw_mouse does not have driver. [/home/student/mslupski/Projekt/projekt_main/rtl/draw_mouse.sv:13]
INFO: [Synth 8-6155] done synthesizing module 'draw_mouse' (14#1) [/home/student/mslupski/Projekt/projekt_main/rtl/draw_mouse.sv:3]
INFO: [Synth 8-6157] synthesizing module 'image_rom' [/home/student/mslupski/Projekt/projekt_main/rtl/image_rom.sv:16]
INFO: [Synth 8-3876] $readmem data file '../../rtl/picture/image_rom.data' is read successfully [/home/student/mslupski/Projekt/projekt_main/rtl/image_rom.sv:35]
INFO: [Synth 8-6155] done synthesizing module 'image_rom' (15#1) [/home/student/mslupski/Projekt/projekt_main/rtl/image_rom.sv:16]
INFO: [Synth 8-6157] synthesizing module 'draw_rect_ctl' [/home/student/mslupski/Projekt/projekt_main/rtl/draw_rect_ctl.sv:3]
INFO: [Synth 8-155] case statement is not full and has no default [/home/student/mslupski/Projekt/projekt_main/rtl/draw_rect_ctl.sv:36]
INFO: [Synth 8-155] case statement is not full and has no default [/home/student/mslupski/Projekt/projekt_main/rtl/draw_rect_ctl.sv:84]
INFO: [Synth 8-6155] done synthesizing module 'draw_rect_ctl' (16#1) [/home/student/mslupski/Projekt/projekt_main/rtl/draw_rect_ctl.sv:3]
INFO: [Synth 8-6157] synthesizing module 'draw_rect_char' [/home/student/mslupski/Projekt/projekt_main/rtl/draw_rect_char.sv:4]
INFO: [Synth 8-6155] done synthesizing module 'draw_rect_char' (17#1) [/home/student/mslupski/Projekt/projekt_main/rtl/draw_rect_char.sv:4]
INFO: [Synth 8-6157] synthesizing module 'font_rom' [/home/student/mslupski/Projekt/projekt_main/rtl/font_rom.v:9]
INFO: [Synth 8-6155] done synthesizing module 'font_rom' (18#1) [/home/student/mslupski/Projekt/projekt_main/rtl/font_rom.v:9]
INFO: [Synth 8-6157] synthesizing module 'char_rom_16x16' [/home/student/mslupski/Projekt/projekt_main/rtl/char_rom_16x16.sv:6]
INFO: [Synth 8-6155] done synthesizing module 'char_rom_16x16' (19#1) [/home/student/mslupski/Projekt/projekt_main/rtl/char_rom_16x16.sv:6]
INFO: [Synth 8-6155] done synthesizing module 'top_vga' (20#1) [/home/student/mslupski/Projekt/projekt_main/rtl/top_vga.sv:17]
INFO: [Synth 8-6155] done synthesizing module 'top_vga_basys3' (21#1) [/home/student/mslupski/Projekt/projekt_main/fpga/rtl/top_vga_basys3.sv:17]
WARNING: [Synth 8-7129] Port dmouse_if_out\.vcount[10] in module draw_mouse is either unconnected or has no load
WARNING: [Synth 8-7129] Port dmouse_if_out\.vcount[9] in module draw_mouse is either unconnected or has no load
WARNING: [Synth 8-7129] Port dmouse_if_out\.vcount[8] in module draw_mouse is either unconnected or has no load
WARNING: [Synth 8-7129] Port dmouse_if_out\.vcount[7] in module draw_mouse is either unconnected or has no load
WARNING: [Synth 8-7129] Port dmouse_if_out\.vcount[6] in module draw_mouse is either unconnected or has no load
WARNING: [Synth 8-7129] Port dmouse_if_out\.vcount[5] in module draw_mouse is either unconnected or has no load
WARNING: [Synth 8-7129] Port dmouse_if_out\.vcount[4] in module draw_mouse is either unconnected or has no load
WARNING: [Synth 8-7129] Port dmouse_if_out\.vcount[3] in module draw_mouse is either unconnected or has no load
WARNING: [Synth 8-7129] Port dmouse_if_out\.vcount[2] in module draw_mouse is either unconnected or has no load
WARNING: [Synth 8-7129] Port dmouse_if_out\.vcount[1] in module draw_mouse is either unconnected or has no load
WARNING: [Synth 8-7129] Port dmouse_if_out\.vcount[0] in module draw_mouse is either unconnected or has no load
WARNING: [Synth 8-7129] Port dmouse_if_out\.hcount[10] in module draw_mouse is either unconnected or has no load
WARNING: [Synth 8-7129] Port dmouse_if_out\.hcount[9] in module draw_mouse is either unconnected or has no load
WARNING: [Synth 8-7129] Port dmouse_if_out\.hcount[8] in module draw_mouse is either unconnected or has no load
WARNING: [Synth 8-7129] Port dmouse_if_out\.hcount[7] in module draw_mouse is either unconnected or has no load
WARNING: [Synth 8-7129] Port dmouse_if_out\.hcount[6] in module draw_mouse is either unconnected or has no load
WARNING: [Synth 8-7129] Port dmouse_if_out\.hcount[5] in module draw_mouse is either unconnected or has no load
WARNING: [Synth 8-7129] Port dmouse_if_out\.hcount[4] in module draw_mouse is either unconnected or has no load
WARNING: [Synth 8-7129] Port dmouse_if_out\.hcount[3] in module draw_mouse is either unconnected or has no load
WARNING: [Synth 8-7129] Port dmouse_if_out\.hcount[2] in module draw_mouse is either unconnected or has no load
WARNING: [Synth 8-7129] Port dmouse_if_out\.hcount[1] in module draw_mouse is either unconnected or has no load
WARNING: [Synth 8-7129] Port dmouse_if_out\.hcount[0] in module draw_mouse is either unconnected or has no load
WARNING: [Synth 8-7129] Port dmouse_if_out\.hblnk in module draw_mouse is either unconnected or has no load
WARNING: [Synth 8-7129] Port dmouse_if_out\.vblnk in module draw_mouse is either unconnected or has no load
WARNING: [Synth 8-7129] Port bg_if_in\.rgb[11] in module draw_bg is either unconnected or has no load
WARNING: [Synth 8-7129] Port bg_if_in\.rgb[10] in module draw_bg is either unconnected or has no load
WARNING: [Synth 8-7129] Port bg_if_in\.rgb[9] in module draw_bg is either unconnected or has no load
WARNING: [Synth 8-7129] Port bg_if_in\.rgb[8] in module draw_bg is either unconnected or has no load
WARNING: [Synth 8-7129] Port bg_if_in\.rgb[7] in module draw_bg is either unconnected or has no load
WARNING: [Synth 8-7129] Port bg_if_in\.rgb[6] in module draw_bg is either unconnected or has no load
WARNING: [Synth 8-7129] Port bg_if_in\.rgb[5] in module draw_bg is either unconnected or has no load
WARNING: [Synth 8-7129] Port bg_if_in\.rgb[4] in module draw_bg is either unconnected or has no load
WARNING: [Synth 8-7129] Port bg_if_in\.rgb[3] in module draw_bg is either unconnected or has no load
WARNING: [Synth 8-7129] Port bg_if_in\.rgb[2] in module draw_bg is either unconnected or has no load
WARNING: [Synth 8-7129] Port bg_if_in\.rgb[1] in module draw_bg is either unconnected or has no load
WARNING: [Synth 8-7129] Port bg_if_in\.rgb[0] in module draw_bg is either unconnected or has no load
WARNING: [Synth 8-7129] Port tim_if_out\.rgb[11] in module vga_timing is either unconnected or has no load
WARNING: [Synth 8-7129] Port tim_if_out\.rgb[10] in module vga_timing is either unconnected or has no load
WARNING: [Synth 8-7129] Port tim_if_out\.rgb[9] in module vga_timing is either unconnected or has no load
WARNING: [Synth 8-7129] Port tim_if_out\.rgb[8] in module vga_timing is either unconnected or has no load
WARNING: [Synth 8-7129] Port tim_if_out\.rgb[7] in module vga_timing is either unconnected or has no load
WARNING: [Synth 8-7129] Port tim_if_out\.rgb[6] in module vga_timing is either unconnected or has no load
WARNING: [Synth 8-7129] Port tim_if_out\.rgb[5] in module vga_timing is either unconnected or has no load
WARNING: [Synth 8-7129] Port tim_if_out\.rgb[4] in module vga_timing is either unconnected or has no load
WARNING: [Synth 8-7129] Port tim_if_out\.rgb[3] in module vga_timing is either unconnected or has no load
WARNING: [Synth 8-7129] Port tim_if_out\.rgb[2] in module vga_timing is either unconnected or has no load
WARNING: [Synth 8-7129] Port tim_if_out\.rgb[1] in module vga_timing is either unconnected or has no load
WARNING: [Synth 8-7129] Port tim_if_out\.rgb[0] in module vga_timing is either unconnected or has no load
---------------------------------------------------------------------------------
Finished RTL Elaboration : Time (s): cpu = 00:00:04 ; elapsed = 00:00:05 . Memory (MB): peak = 2717.805 ; gain = 0.000 ; free physical = 7323 ; free virtual = 17520
---------------------------------------------------------------------------------
---------------------------------------------------------------------------------
Start Handling Custom Attributes
---------------------------------------------------------------------------------
---------------------------------------------------------------------------------
Finished Handling Custom Attributes : Time (s): cpu = 00:00:05 ; elapsed = 00:00:06 . Memory (MB): peak = 2717.805 ; gain = 0.000 ; free physical = 7315 ; free virtual = 17512
---------------------------------------------------------------------------------
---------------------------------------------------------------------------------
Finished RTL Optimization Phase 1 : Time (s): cpu = 00:00:05 ; elapsed = 00:00:06 . Memory (MB): peak = 2717.805 ; gain = 0.000 ; free physical = 7314 ; free virtual = 17511
---------------------------------------------------------------------------------
Netlist sorting complete. Time (s): cpu = 00:00:00.01 ; elapsed = 00:00:00.01 . Memory (MB): peak = 2717.805 ; gain = 0.000 ; free physical = 7313 ; free virtual = 17510
WARNING: [Netlist 29-345] The value of SIM_DEVICE on instance 'u_clk_wiz_0_clk_wiz/clkout1_buf' of type 'BUFGCE' is 'ULTRASCALE'; it is being changed to match the current FPGA architecture, '7SERIES'. For functional simulation to match hardware behavior, the value of SIM_DEVICE should be changed in the source netlist. 
WARNING: [Netlist 29-345] The value of SIM_DEVICE on instance 'u_clk_wiz_0_clk_wiz/clkout2_buf' of type 'BUFGCE' is 'ULTRASCALE'; it is being changed to match the current FPGA architecture, '7SERIES'. For functional simulation to match hardware behavior, the value of SIM_DEVICE should be changed in the source netlist. 
INFO: [Netlist 29-17] Analyzing 4 Unisim elements for replacement
INFO: [Netlist 29-28] Unisim Transformation completed in 0 CPU seconds
INFO: [Project 1-570] Preparing netlist for logic optimization

Processing XDC Constraints
Initializing timing engine
Parsing XDC File [/home/student/mslupski/Projekt/projekt_main/fpga/constraints/top_vga_basys3.xdc]
Finished Parsing XDC File [/home/student/mslupski/Projekt/projekt_main/fpga/constraints/top_vga_basys3.xdc]
INFO: [Project 1-236] Implementation specific constraints were found while reading constraint file [/home/student/mslupski/Projekt/projekt_main/fpga/constraints/top_vga_basys3.xdc]. These constraints will be ignored for synthesis but will be used in implementation. Impacted constraints are listed in the file [.Xil/top_vga_basys3_propImpl.xdc].
Resolution: To avoid this warning, move constraints listed in [.Xil/top_vga_basys3_propImpl.xdc] to another XDC file and exclude this new file from synthesis with the used_in_synthesis property (File Properties dialog in GUI) and re-run elaboration/synthesis.
Parsing XDC File [/home/student/mslupski/Projekt/projekt_main/fpga/constraints/clk_wiz_0.xdc]
Finished Parsing XDC File [/home/student/mslupski/Projekt/projekt_main/fpga/constraints/clk_wiz_0.xdc]
INFO: [Project 1-236] Implementation specific constraints were found while reading constraint file [/home/student/mslupski/Projekt/projekt_main/fpga/constraints/clk_wiz_0.xdc]. These constraints will be ignored for synthesis but will be used in implementation. Impacted constraints are listed in the file [.Xil/top_vga_basys3_propImpl.xdc].
Resolution: To avoid this warning, move constraints listed in [.Xil/top_vga_basys3_propImpl.xdc] to another XDC file and exclude this new file from synthesis with the used_in_synthesis property (File Properties dialog in GUI) and re-run elaboration/synthesis.
Parsing XDC File [/home/student/mslupski/Projekt/projekt_main/fpga/constraints/clk_wiz_0_late.xdc]
Finished Parsing XDC File [/home/student/mslupski/Projekt/projekt_main/fpga/constraints/clk_wiz_0_late.xdc]
INFO: [Timing 38-2] Deriving generated clocks
Completed Processing XDC Constraints

Netlist sorting complete. Time (s): cpu = 00:00:00 ; elapsed = 00:00:00 . Memory (MB): peak = 2781.723 ; gain = 0.000 ; free physical = 7149 ; free virtual = 17346
INFO: [Project 1-111] Unisim Transformation Summary:
  A total of 2 instances were transformed.
  BUFGCE => BUFGCTRL: 2 instances

Constraint Validation Runtime : Time (s): cpu = 00:00:00 ; elapsed = 00:00:00.01 . Memory (MB): peak = 2781.723 ; gain = 0.000 ; free physical = 7149 ; free virtual = 17346
---------------------------------------------------------------------------------
Finished Constraint Validation : Time (s): cpu = 00:00:10 ; elapsed = 00:00:12 . Memory (MB): peak = 2781.723 ; gain = 63.918 ; free physical = 7304 ; free virtual = 17502
---------------------------------------------------------------------------------
---------------------------------------------------------------------------------
Start Loading Part and Timing Information
---------------------------------------------------------------------------------
Loading part: xc7a35tcpg236-1
---------------------------------------------------------------------------------
Finished Loading Part and Timing Information : Time (s): cpu = 00:00:10 ; elapsed = 00:00:12 . Memory (MB): peak = 2781.723 ; gain = 63.918 ; free physical = 7304 ; free virtual = 17502
---------------------------------------------------------------------------------
---------------------------------------------------------------------------------
Start Applying 'set_property' XDC Constraints
---------------------------------------------------------------------------------
---------------------------------------------------------------------------------
Finished applying 'set_property' XDC Constraints : Time (s): cpu = 00:00:10 ; elapsed = 00:00:12 . Memory (MB): peak = 2781.723 ; gain = 63.918 ; free physical = 7304 ; free virtual = 17502
---------------------------------------------------------------------------------
INFO: [Synth 8-802] inferred FSM for state register 'state_reg' in module 'Ps2Interface'
INFO: [Synth 8-802] inferred FSM for state register 'state_reg' in module 'MouseCtl'
INFO: [Synth 8-802] inferred FSM for state register 'currentState_reg' in module 'draw_rect_ctl'
---------------------------------------------------------------------------------------------------
                   State |                     New Encoding |                Previous Encoding 
---------------------------------------------------------------------------------------------------
                    idle |                00000000000000001 |                            00000
            rx_down_edge |                00000000000000010 |                            00011
                rx_clk_l |                00000000000000100 |                            00010
                rx_clk_h |                00000000000001000 |                            00001
         rx_error_parity |                00000000000010000 |                            00100
           rx_data_ready |                00000000000100000 |                            00101
          tx_force_clk_l |                00000000001000000 |                            00110
      tx_bring_data_down |                00000000010000000 |                            00111
          tx_release_clk |                00000000100000000 |                            01000
 tx_first_wait_down_edge |                00000001000000000 |                            01001
                tx_clk_l |                00000010000000000 |                            01010
         tx_wait_up_edge |                00000100000000000 |                            01011
tx_wait_up_edge_before_ack |                00001000000000000 |                            01101
             tx_wait_ack |                00010000000000000 |                            01110
         tx_received_ack |                00100000000000000 |                            01111
         tx_error_no_ack |                01000000000000000 |                            10000
                tx_clk_h |                10000000000000000 |                            01100
---------------------------------------------------------------------------------------------------
INFO: [Synth 8-3354] encoded FSM with state register 'state_reg' using encoding 'one-hot' in module 'Ps2Interface'
---------------------------------------------------------------------------------------------------
                   State |                     New Encoding |                Previous Encoding 
---------------------------------------------------------------------------------------------------
                   reset | 0000000000000000000000000000000000001 |                           000000
          reset_wait_ack | 0000000000000000000000000000000000010 |                           000001
reset_wait_bat_completion | 0000000000000000000000000000000000100 |                           000010
           reset_wait_id | 0000000000000000000000000000000001000 |                           000011
reset_set_sample_rate_200 | 0000000000000000000000000000000010000 |                           000100
reset_set_sample_rate_200_wait_ack | 0000000000000000000000000000000100000 |                           000101
reset_send_sample_rate_200 | 0000000000000000000000000000001000000 |                           000110
reset_send_sample_rate_200_wait_ack | 0000000000000000000000000000010000000 |                           000111
reset_set_sample_rate_100 | 0000000000000000000000000000100000000 |                           001000
reset_set_sample_rate_100_wait_ack | 0000000000000000000000000001000000000 |                           001001
reset_send_sample_rate_100 | 0000000000000000000000000010000000000 |                           001010
reset_send_sample_rate_100_wait_ack | 0000000000000000000000000100000000000 |                           001011
reset_set_sample_rate_80 | 0000000000000000000000001000000000000 |                           001100
reset_set_sample_rate_80_wait_ack | 0000000000000000000000010000000000000 |                           001101
reset_send_sample_rate_80 | 0000000000000000000000100000000000000 |                           001110
reset_send_sample_rate_80_wait_ack | 0000000000000000000001000000000000000 |                           001111
           reset_read_id | 0000000000000000000010000000000000000 |                           010000
  reset_read_id_wait_ack | 0000000000000000000100000000000000000 |                           010001
   reset_read_id_wait_id | 0000000000000000001000000000000000000 |                           010010
    reset_set_resolution | 0000000000000000010000000000000000000 |                           010011
reset_set_resolution_wait_ack | 0000000000000000100000000000000000000 |                           010100
   reset_send_resolution | 0000000000000001000000000000000000000 |                           010101
reset_send_resolution_wait_ack | 0000000000000010000000000000000000000 |                           010110
reset_set_sample_rate_40 | 0000000000000100000000000000000000000 |                           010111
reset_set_sample_rate_40_wait_ack | 0000000000001000000000000000000000000 |                           011000
reset_send_sample_rate_40 | 0000000000010000000000000000000000000 |                           011001
reset_send_sample_rate_40_wait_ack | 0000000000100000000000000000000000000 |                           011010
  reset_enable_reporting | 0000000001000000000000000000000000000 |                           011011
reset_enable_reporting_wait_ack | 0000000010000000000000000000000000000 |                           011100
             read_byte_1 | 0000000100000000000000000000000000000 |                           011101
             read_byte_2 | 0000001000000000000000000000000000000 |                           011110
             read_byte_3 | 0000010000000000000000000000000000000 |                           011111
             read_byte_4 | 0000100000000000000000000000000000000 |                           100000
          mark_new_event | 0001000000000000000000000000000000000 |                           100100
           check_read_id | 0010000000000000000000000000000000000 |                           100001
  check_read_id_wait_ack | 0100000000000000000000000000000000000 |                           100010
   check_read_id_wait_id | 1000000000000000000000000000000000000 |                           100011
---------------------------------------------------------------------------------------------------
INFO: [Synth 8-3354] encoded FSM with state register 'state_reg' using encoding 'one-hot' in module 'MouseCtl'
---------------------------------------------------------------------------------------------------
                   State |                     New Encoding |                Previous Encoding 
---------------------------------------------------------------------------------------------------
               FOLLOWING |                              001 |                              000
                 FALLING |                              010 |                              001
                  BOTTOM |                              100 |                              010
---------------------------------------------------------------------------------------------------
INFO: [Synth 8-3354] encoded FSM with state register 'currentState_reg' using encoding 'one-hot' in module 'draw_rect_ctl'
---------------------------------------------------------------------------------
Finished RTL Optimization Phase 2 : Time (s): cpu = 00:00:12 ; elapsed = 00:00:14 . Memory (MB): peak = 2781.723 ; gain = 63.918 ; free physical = 7291 ; free virtual = 17489
---------------------------------------------------------------------------------
---------------------------------------------------------------------------------
Start RTL Component Statistics 
---------------------------------------------------------------------------------
Detailed RTL Component Info : 
+---Adders : 
	   2 Input   26 Bit       Adders := 1     
	   2 Input   24 Bit       Adders := 1     
	   2 Input   20 Bit       Adders := 1     
	   3 Input   14 Bit       Adders := 2     
	   2 Input   13 Bit       Adders := 1     
	   3 Input   13 Bit       Adders := 2     
	   3 Input   12 Bit       Adders := 1     
	   2 Input   12 Bit       Adders := 8     
	   2 Input   11 Bit       Adders := 3     
	   2 Input    8 Bit       Adders := 2     
	   2 Input    7 Bit       Adders := 2     
	   3 Input    6 Bit       Adders := 2     
	   2 Input    4 Bit       Adders := 3     
	   3 Input    4 Bit       Adders := 2     
+---Registers : 
	               26 Bit    Registers := 1     
	               24 Bit    Registers := 1     
	               20 Bit    Registers := 1     
	               12 Bit    Registers := 21    
	               11 Bit    Registers := 20    
	                8 Bit    Registers := 7     
	                7 Bit    Registers := 1     
	                4 Bit    Registers := 4     
	                1 Bit    Registers := 71    
+---ROMs : 
	                    ROMs := 2     
+---Muxes : 
	  37 Input   37 Bit        Muxes := 1     
	   2 Input   37 Bit        Muxes := 69    
	   2 Input   26 Bit        Muxes := 1     
	   2 Input   24 Bit        Muxes := 1     
	   2 Input   20 Bit        Muxes := 1     
	   3 Input   20 Bit        Muxes := 1     
	  17 Input   17 Bit        Muxes := 1     
	   2 Input   17 Bit        Muxes := 18    
	   2 Input   12 Bit        Muxes := 19    
	  14 Input   12 Bit        Muxes := 1     
	   3 Input   12 Bit        Muxes := 6     
	   2 Input   11 Bit        Muxes := 3     
	   2 Input    9 Bit        Muxes := 2     
	  37 Input    8 Bit        Muxes := 3     
	 256 Input    7 Bit        Muxes := 1     
	   3 Input    4 Bit        Muxes := 1     
	   2 Input    4 Bit        Muxes := 1     
	  37 Input    4 Bit        Muxes := 1     
	   3 Input    3 Bit        Muxes := 1     
	   2 Input    3 Bit        Muxes := 3     
	   3 Input    2 Bit        Muxes := 2     
	   2 Input    1 Bit        Muxes := 7     
	  17 Input    1 Bit        Muxes := 4     
	  37 Input    1 Bit        Muxes := 20    
	   3 Input    1 Bit        Muxes := 5     
---------------------------------------------------------------------------------
Finished RTL Component Statistics 
---------------------------------------------------------------------------------
---------------------------------------------------------------------------------
Start Part Resource Summary
---------------------------------------------------------------------------------
Part Resources:
DSPs: 90 (col length:60)
BRAMs: 100 (col length: RAMB18 60 RAMB36 30)
---------------------------------------------------------------------------------
Finished Part Resource Summary
---------------------------------------------------------------------------------
---------------------------------------------------------------------------------
Start Cross Boundary and Area Optimization
---------------------------------------------------------------------------------
WARNING: [Synth 8-7080] Parallel synthesis criteria is not met
WARNING: [Synth 8-7129] Port dmouse_if_out\.vcount[10] in module draw_mouse is either unconnected or has no load
WARNING: [Synth 8-7129] Port dmouse_if_out\.vcount[9] in module draw_mouse is either unconnected or has no load
WARNING: [Synth 8-7129] Port dmouse_if_out\.vcount[8] in module draw_mouse is either unconnected or has no load
WARNING: [Synth 8-7129] Port dmouse_if_out\.vcount[7] in module draw_mouse is either unconnected or has no load
WARNING: [Synth 8-7129] Port dmouse_if_out\.vcount[6] in module draw_mouse is either unconnected or has no load
WARNING: [Synth 8-7129] Port dmouse_if_out\.vcount[5] in module draw_mouse is either unconnected or has no load
WARNING: [Synth 8-7129] Port dmouse_if_out\.vcount[4] in module draw_mouse is either unconnected or has no load
WARNING: [Synth 8-7129] Port dmouse_if_out\.vcount[3] in module draw_mouse is either unconnected or has no load
WARNING: [Synth 8-7129] Port dmouse_if_out\.vcount[2] in module draw_mouse is either unconnected or has no load
WARNING: [Synth 8-7129] Port dmouse_if_out\.vcount[1] in module draw_mouse is either unconnected or has no load
WARNING: [Synth 8-7129] Port dmouse_if_out\.vcount[0] in module draw_mouse is either unconnected or has no load
WARNING: [Synth 8-7129] Port dmouse_if_out\.hcount[10] in module draw_mouse is either unconnected or has no load
WARNING: [Synth 8-7129] Port dmouse_if_out\.hcount[9] in module draw_mouse is either unconnected or has no load
WARNING: [Synth 8-7129] Port dmouse_if_out\.hcount[8] in module draw_mouse is either unconnected or has no load
WARNING: [Synth 8-7129] Port dmouse_if_out\.hcount[7] in module draw_mouse is either unconnected or has no load
WARNING: [Synth 8-7129] Port dmouse_if_out\.hcount[6] in module draw_mouse is either unconnected or has no load
WARNING: [Synth 8-7129] Port dmouse_if_out\.hcount[5] in module draw_mouse is either unconnected or has no load
WARNING: [Synth 8-7129] Port dmouse_if_out\.hcount[4] in module draw_mouse is either unconnected or has no load
WARNING: [Synth 8-7129] Port dmouse_if_out\.hcount[3] in module draw_mouse is either unconnected or has no load
WARNING: [Synth 8-7129] Port dmouse_if_out\.hcount[2] in module draw_mouse is either unconnected or has no load
WARNING: [Synth 8-7129] Port dmouse_if_out\.hcount[1] in module draw_mouse is either unconnected or has no load
WARNING: [Synth 8-7129] Port dmouse_if_out\.hcount[0] in module draw_mouse is either unconnected or has no load
WARNING: [Synth 8-7129] Port dmouse_if_out\.hblnk in module draw_mouse is either unconnected or has no load
WARNING: [Synth 8-7129] Port dmouse_if_out\.vblnk in module draw_mouse is either unconnected or has no load
WARNING: [Synth 8-7129] Port bg_if_in\.rgb[11] in module draw_bg is either unconnected or has no load
WARNING: [Synth 8-7129] Port bg_if_in\.rgb[10] in module draw_bg is either unconnected or has no load
WARNING: [Synth 8-7129] Port bg_if_in\.rgb[9] in module draw_bg is either unconnected or has no load
WARNING: [Synth 8-7129] Port bg_if_in\.rgb[8] in module draw_bg is either unconnected or has no load
WARNING: [Synth 8-7129] Port bg_if_in\.rgb[7] in module draw_bg is either unconnected or has no load
WARNING: [Synth 8-7129] Port bg_if_in\.rgb[6] in module draw_bg is either unconnected or has no load
WARNING: [Synth 8-7129] Port bg_if_in\.rgb[5] in module draw_bg is either unconnected or has no load
WARNING: [Synth 8-7129] Port bg_if_in\.rgb[4] in module draw_bg is either unconnected or has no load
WARNING: [Synth 8-7129] Port bg_if_in\.rgb[3] in module draw_bg is either unconnected or has no load
WARNING: [Synth 8-7129] Port bg_if_in\.rgb[2] in module draw_bg is either unconnected or has no load
WARNING: [Synth 8-7129] Port bg_if_in\.rgb[1] in module draw_bg is either unconnected or has no load
WARNING: [Synth 8-7129] Port bg_if_in\.rgb[0] in module draw_bg is either unconnected or has no load
WARNING: [Synth 8-7129] Port tim_if_out\.rgb[11] in module vga_timing is either unconnected or has no load
WARNING: [Synth 8-7129] Port tim_if_out\.rgb[10] in module vga_timing is either unconnected or has no load
WARNING: [Synth 8-7129] Port tim_if_out\.rgb[9] in module vga_timing is either unconnected or has no load
WARNING: [Synth 8-7129] Port tim_if_out\.rgb[8] in module vga_timing is either unconnected or has no load
WARNING: [Synth 8-7129] Port tim_if_out\.rgb[7] in module vga_timing is either unconnected or has no load
WARNING: [Synth 8-7129] Port tim_if_out\.rgb[6] in module vga_timing is either unconnected or has no load
WARNING: [Synth 8-7129] Port tim_if_out\.rgb[5] in module vga_timing is either unconnected or has no load
WARNING: [Synth 8-7129] Port tim_if_out\.rgb[4] in module vga_timing is either unconnected or has no load
WARNING: [Synth 8-7129] Port tim_if_out\.rgb[3] in module vga_timing is either unconnected or has no load
WARNING: [Synth 8-7129] Port tim_if_out\.rgb[2] in module vga_timing is either unconnected or has no load
WARNING: [Synth 8-7129] Port tim_if_out\.rgb[1] in module vga_timing is either unconnected or has no load
WARNING: [Synth 8-7129] Port tim_if_out\.rgb[0] in module vga_timing is either unconnected or has no load
---------------------------------------------------------------------------------
Finished Cross Boundary and Area Optimization : Time (s): cpu = 00:00:16 ; elapsed = 00:00:19 . Memory (MB): peak = 2781.723 ; gain = 63.918 ; free physical = 7269 ; free virtual = 17474
---------------------------------------------------------------------------------
---------------------------------------------------------------------------------
Start ROM, RAM, DSP, Shift Register and Retiming Reporting
---------------------------------------------------------------------------------

ROM: Preliminary Mapping Report
+-------------+---------------------------------+---------------+----------------+
|Module Name  | RTL Object                      | Depth x Width | Implemented As | 
+-------------+---------------------------------+---------------+----------------+
|MouseDisplay | mouserom[0]                     | 256x2         | LUT            | 
|draw_mouse   | u_MouseDispaly/mouserom[0]      | 256x2         | LUT            | 
|top_vga      | u_image_rom/rgb_reg             | 4096x12       | Block RAM      | 
|top_vga      | u_font_rom/char_line_pixels_reg | 2048x8        | Block RAM      | 
+-------------+---------------------------------+---------------+----------------+

---------------------------------------------------------------------------------
Finished ROM, RAM, DSP, Shift Register and Retiming Reporting
---------------------------------------------------------------------------------
---------------------------------------------------------------------------------
Start Applying XDC Timing Constraints
---------------------------------------------------------------------------------
---------------------------------------------------------------------------------
Finished Applying XDC Timing Constraints : Time (s): cpu = 00:00:20 ; elapsed = 00:00:23 . Memory (MB): peak = 2781.723 ; gain = 63.918 ; free physical = 7149 ; free virtual = 17354
---------------------------------------------------------------------------------
---------------------------------------------------------------------------------
Start Timing Optimization
---------------------------------------------------------------------------------
---------------------------------------------------------------------------------
Finished Timing Optimization : Time (s): cpu = 00:00:22 ; elapsed = 00:00:25 . Memory (MB): peak = 2781.723 ; gain = 63.918 ; free physical = 7134 ; free virtual = 17339
---------------------------------------------------------------------------------
---------------------------------------------------------------------------------
Start Technology Mapping
---------------------------------------------------------------------------------
INFO: [Synth 8-7052] The timing for the instance u_top_vga/u_image_rom/rgb_reg_0 (implemented as a Block RAM) might be sub-optimal as no optional output register could be merged into the ram block. Providing additional output register may help in improving timing.
INFO: [Synth 8-7052] The timing for the instance u_top_vga/u_image_rom/rgb_reg_1 (implemented as a Block RAM) might be sub-optimal as no optional output register could be merged into the ram block. Providing additional output register may help in improving timing.
INFO: [Synth 8-7052] The timing for the instance u_top_vga/u_font_rom/char_line_pixels_reg (implemented as a Block RAM) might be sub-optimal as no optional output register could be merged into the ram block. Providing additional output register may help in improving timing.
---------------------------------------------------------------------------------
Finished Technology Mapping : Time (s): cpu = 00:00:22 ; elapsed = 00:00:25 . Memory (MB): peak = 2781.723 ; gain = 63.918 ; free physical = 7134 ; free virtual = 17338
---------------------------------------------------------------------------------
---------------------------------------------------------------------------------
Start IO Insertion
---------------------------------------------------------------------------------
---------------------------------------------------------------------------------
Start Flattening Before IO Insertion
---------------------------------------------------------------------------------
---------------------------------------------------------------------------------
Finished Flattening Before IO Insertion
---------------------------------------------------------------------------------
---------------------------------------------------------------------------------
Start Final Netlist Cleanup
---------------------------------------------------------------------------------
---------------------------------------------------------------------------------
Finished Final Netlist Cleanup
---------------------------------------------------------------------------------
---------------------------------------------------------------------------------
Finished IO Insertion : Time (s): cpu = 00:00:25 ; elapsed = 00:00:28 . Memory (MB): peak = 2781.723 ; gain = 63.918 ; free physical = 7130 ; free virtual = 17335
---------------------------------------------------------------------------------
---------------------------------------------------------------------------------
Start Renaming Generated Instances
---------------------------------------------------------------------------------
---------------------------------------------------------------------------------
Finished Renaming Generated Instances : Time (s): cpu = 00:00:25 ; elapsed = 00:00:28 . Memory (MB): peak = 2781.723 ; gain = 63.918 ; free physical = 7129 ; free virtual = 17333
---------------------------------------------------------------------------------
---------------------------------------------------------------------------------
Start Rebuilding User Hierarchy
---------------------------------------------------------------------------------
---------------------------------------------------------------------------------
Finished Rebuilding User Hierarchy : Time (s): cpu = 00:00:25 ; elapsed = 00:00:28 . Memory (MB): peak = 2781.723 ; gain = 63.918 ; free physical = 7129 ; free virtual = 17333
---------------------------------------------------------------------------------
---------------------------------------------------------------------------------
Start Renaming Generated Ports
---------------------------------------------------------------------------------
---------------------------------------------------------------------------------
Finished Renaming Generated Ports : Time (s): cpu = 00:00:25 ; elapsed = 00:00:28 . Memory (MB): peak = 2781.723 ; gain = 63.918 ; free physical = 7127 ; free virtual = 17332
---------------------------------------------------------------------------------
---------------------------------------------------------------------------------
Start Handling Custom Attributes
---------------------------------------------------------------------------------
---------------------------------------------------------------------------------
Finished Handling Custom Attributes : Time (s): cpu = 00:00:25 ; elapsed = 00:00:29 . Memory (MB): peak = 2781.723 ; gain = 63.918 ; free physical = 7123 ; free virtual = 17327
---------------------------------------------------------------------------------
---------------------------------------------------------------------------------
Start Renaming Generated Nets
---------------------------------------------------------------------------------
---------------------------------------------------------------------------------
Finished Renaming Generated Nets : Time (s): cpu = 00:00:25 ; elapsed = 00:00:29 . Memory (MB): peak = 2781.723 ; gain = 63.918 ; free physical = 7122 ; free virtual = 17326
---------------------------------------------------------------------------------
---------------------------------------------------------------------------------
Start ROM, RAM, DSP, Shift Register and Retiming Reporting
---------------------------------------------------------------------------------

Static Shift Register Report:
+---------------+-------------------------------------------+--------+-------+--------------+--------------------+-------------------+--------+---------+
|Module Name    | RTL Name                                  | Length | Width | Reset Signal | Pull out first Reg | Pull out last Reg | SRL16E | SRLC32E | 
+---------------+-------------------------------------------+--------+-------+--------------+--------------------+-------------------+--------+---------+
|top_vga_basys3 | u_top_vga/u_draw_rect_char/out\.hsync_reg | 8      | 1     | YES          | NO                 | YES               | 1      | 0       | 
|top_vga_basys3 | u_top_vga/u_draw_rect_char/out\.vsync_reg | 8      | 1     | YES          | NO                 | YES               | 1      | 0       | 
|top_vga_basys3 | u_top_vga/u_draw_rect_char/out\.hblnk_reg | 7      | 1     | YES          | NO                 | YES               | 1      | 0       | 
|top_vga_basys3 | u_top_vga/u_draw_rect_char/out\.vblnk_reg | 7      | 1     | YES          | NO                 | YES               | 1      | 0       | 
+---------------+-------------------------------------------+--------+-------+--------------+--------------------+-------------------+--------+---------+

---------------------------------------------------------------------------------
Finished ROM, RAM, DSP, Shift Register and Retiming Reporting
---------------------------------------------------------------------------------
---------------------------------------------------------------------------------
Start Writing Synthesis Report
---------------------------------------------------------------------------------

Report BlackBoxes: 
+-+--------------+----------+
| |BlackBox name |Instances |
+-+--------------+----------+
+-+--------------+----------+

Report Cell Usage: 
+------+-----------+------+
|      |Cell       |Count |
+------+-----------+------+
|1     |BUFG       |     1|
|2     |BUFGCE     |     2|
|3     |BUFH       |     2|
|4     |CARRY4     |    80|
|5     |LUT1       |    26|
|6     |LUT2       |   217|
|7     |LUT3       |   115|
|8     |LUT4       |   146|
|9     |LUT5       |    75|
|10    |LUT6       |   185|
|11    |MMCME2_ADV |     1|
|12    |ODDR       |     1|
|13    |RAMB18E1   |     2|
|15    |RAMB36E1   |     1|
|16    |SRL16E     |     4|
|17    |FDCE       |    76|
|18    |FDPE       |     4|
|19    |FDRE       |   578|
|20    |FDSE       |    19|
|21    |IBUF       |     2|
|22    |IOBUF      |     2|
|23    |OBUF       |    15|
+------+-----------+------+
---------------------------------------------------------------------------------
Finished Writing Synthesis Report : Time (s): cpu = 00:00:25 ; elapsed = 00:00:29 . Memory (MB): peak = 2781.723 ; gain = 63.918 ; free physical = 7132 ; free virtual = 17337
---------------------------------------------------------------------------------
Synthesis finished with 0 errors, 0 critical warnings and 49 warnings.
Synthesis Optimization Runtime : Time (s): cpu = 00:00:24 ; elapsed = 00:00:27 . Memory (MB): peak = 2781.723 ; gain = 0.000 ; free physical = 7187 ; free virtual = 17392
Synthesis Optimization Complete : Time (s): cpu = 00:00:25 ; elapsed = 00:00:29 . Memory (MB): peak = 2781.723 ; gain = 63.918 ; free physical = 7187 ; free virtual = 17392
INFO: [Project 1-571] Translating synthesized netlist
Netlist sorting complete. Time (s): cpu = 00:00:00.01 ; elapsed = 00:00:00.01 . Memory (MB): peak = 2781.723 ; gain = 0.000 ; free physical = 7281 ; free virtual = 17485
WARNING: [Netlist 29-345] The value of SIM_DEVICE on instance 'u_clk_wiz_0_clk_wiz/clkout1_buf' of type 'BUFGCE' is 'ULTRASCALE'; it is being changed to match the current FPGA architecture, '7SERIES'. For functional simulation to match hardware behavior, the value of SIM_DEVICE should be changed in the source netlist. 
WARNING: [Netlist 29-345] The value of SIM_DEVICE on instance 'u_clk_wiz_0_clk_wiz/clkout2_buf' of type 'BUFGCE' is 'ULTRASCALE'; it is being changed to match the current FPGA architecture, '7SERIES'. For functional simulation to match hardware behavior, the value of SIM_DEVICE should be changed in the source netlist. 
INFO: [Netlist 29-17] Analyzing 89 Unisim elements for replacement
INFO: [Netlist 29-28] Unisim Transformation completed in 0 CPU seconds
INFO: [Project 1-570] Preparing netlist for logic optimization
INFO: [Opt 31-138] Pushed 0 inverter(s) to 0 load pin(s).
Netlist sorting complete. Time (s): cpu = 00:00:00 ; elapsed = 00:00:00 . Memory (MB): peak = 2781.723 ; gain = 0.000 ; free physical = 7219 ; free virtual = 17423
INFO: [Project 1-111] Unisim Transformation Summary:
  A total of 4 instances were transformed.
  BUFGCE => BUFGCTRL: 2 instances
  IOBUF => IOBUF (IBUF, OBUFT): 2 instances

Synth Design complete, checksum: 7a013a8c
INFO: [Common 17-83] Releasing license: Synthesis
84 Infos, 126 Warnings, 0 Critical Warnings and 0 Errors encountered.
synth_design completed successfully
synth_design: Time (s): cpu = 00:00:33 ; elapsed = 00:00:33 . Memory (MB): peak = 2781.723 ; gain = 64.031 ; free physical = 7428 ; free virtual = 17633
INFO: [Common 17-1381] The checkpoint '/home/student/mslupski/Projekt/projekt_main/fpga/build/vga_project.runs/synth_1/top_vga_basys3.dcp' has been generated.
INFO: [runtcl-4] Executing : report_utilization -file top_vga_basys3_utilization_synth.rpt -pb top_vga_basys3_utilization_synth.pb
INFO: [Common 17-206] Exiting Vivado at Wed Jul 26 13:20:05 2023...
[Wed Jul 26 13:20:15 2023] synth_1 finished
wait_on_runs: Time (s): cpu = 00:00:47 ; elapsed = 00:00:55 . Memory (MB): peak = 2717.871 ; gain = 0.000 ; free physical = 8257 ; free virtual = 18453
[Wed Jul 26 13:20:15 2023] Launched impl_1...
Run output will be captured here: /home/student/mslupski/Projekt/projekt_main/fpga/build/vga_project.runs/impl_1/runme.log
[Wed Jul 26 13:20:15 2023] Waiting for impl_1 to finish...

*** Running vivado
    with args -log top_vga_basys3.vdi -applog -m64 -product Vivado -messageDb vivado.pb -mode batch -source top_vga_basys3.tcl -notrace


****** Vivado v2021.2 (64-bit)
  **** SW Build 3367213 on Tue Oct 19 02:47:39 MDT 2021
  **** IP Build 3369179 on Thu Oct 21 08:25:16 MDT 2021
    ** Copyright 1986-2021 Xilinx, Inc. All Rights Reserved.

source top_vga_basys3.tcl -notrace
Command: link_design -top top_vga_basys3 -part xc7a35tcpg236-1
Design is defaulting to srcset: sources_1
Design is defaulting to constrset: constrs_1
INFO: [Device 21-403] Loading part xc7a35tcpg236-1
Netlist sorting complete. Time (s): cpu = 00:00:00 ; elapsed = 00:00:00 . Memory (MB): peak = 2717.805 ; gain = 0.000 ; free physical = 7695 ; free virtual = 17892
INFO: [Netlist 29-17] Analyzing 87 Unisim elements for replacement
INFO: [Netlist 29-28] Unisim Transformation completed in 0 CPU seconds
INFO: [Project 1-479] Netlist was created with Vivado 2021.2
INFO: [Project 1-570] Preparing netlist for logic optimization
Parsing XDC File [/home/student/mslupski/Projekt/projekt_main/fpga/constraints/top_vga_basys3.xdc]
Finished Parsing XDC File [/home/student/mslupski/Projekt/projekt_main/fpga/constraints/top_vga_basys3.xdc]
Parsing XDC File [/home/student/mslupski/Projekt/projekt_main/fpga/constraints/clk_wiz_0.xdc]
INFO: [Timing 38-35] Done setting XDC timing constraints. [/home/student/mslupski/Projekt/projekt_main/fpga/constraints/clk_wiz_0.xdc:57]
INFO: [Timing 38-2] Deriving generated clocks [/home/student/mslupski/Projekt/projekt_main/fpga/constraints/clk_wiz_0.xdc:57]
get_clocks: Time (s): cpu = 00:00:05 ; elapsed = 00:00:05 . Memory (MB): peak = 2843.688 ; gain = 69.969 ; free physical = 7131 ; free virtual = 17327
Finished Parsing XDC File [/home/student/mslupski/Projekt/projekt_main/fpga/constraints/clk_wiz_0.xdc]
Parsing XDC File [/home/student/mslupski/Projekt/projekt_main/fpga/constraints/clk_wiz_0_late.xdc]
Finished Parsing XDC File [/home/student/mslupski/Projekt/projekt_main/fpga/constraints/clk_wiz_0_late.xdc]
INFO: [Opt 31-138] Pushed 0 inverter(s) to 0 load pin(s).
Netlist sorting complete. Time (s): cpu = 00:00:00 ; elapsed = 00:00:00 . Memory (MB): peak = 2843.691 ; gain = 0.000 ; free physical = 7211 ; free virtual = 17408
INFO: [Project 1-111] Unisim Transformation Summary:
  A total of 2 instances were transformed.
  IOBUF => IOBUF (IBUF, OBUFT): 2 instances

9 Infos, 0 Warnings, 0 Critical Warnings and 0 Errors encountered.
link_design completed successfully
link_design: Time (s): cpu = 00:00:09 ; elapsed = 00:00:10 . Memory (MB): peak = 2843.691 ; gain = 125.996 ; free physical = 7211 ; free virtual = 17408
Command: opt_design
Attempting to get a license for feature 'Implementation' and/or device 'xc7a35t'
INFO: [Common 17-349] Got license for feature 'Implementation' and/or device 'xc7a35t'
Running DRC as a precondition to command opt_design

Starting DRC Task
INFO: [DRC 23-27] Running DRC with 8 threads
INFO: [Project 1-461] DRC finished with 0 Errors
INFO: [Project 1-462] Please refer to the DRC report (report_drc) for more information.

Time (s): cpu = 00:00:01 ; elapsed = 00:00:00.76 . Memory (MB): peak = 2907.719 ; gain = 64.027 ; free physical = 7202 ; free virtual = 17398

Starting Cache Timing Information Task
INFO: [Timing 38-35] Done setting XDC timing constraints.
Ending Cache Timing Information Task | Checksum: 1c8069f91

Time (s): cpu = 00:00:00.08 ; elapsed = 00:00:00.03 . Memory (MB): peak = 2907.719 ; gain = 0.000 ; free physical = 7195 ; free virtual = 17391

Starting Logic Optimization Task

Phase 1 Retarget
INFO: [Opt 31-1287] Pulled Inverter u_top_vga/u_MouseCtl/Inst_Ps2Interface/ps2_clk_h_inv_i_1 into driver instance u_top_vga/u_MouseCtl/Inst_Ps2Interface/ps2_clk_h_inv_i_2, which resulted in an inversion of 1 pins
INFO: [Opt 31-1287] Pulled Inverter u_top_vga/u_MouseCtl/Inst_Ps2Interface/ps2_data_h_inv_i_1 into driver instance u_top_vga/u_MouseCtl/Inst_Ps2Interface/ps2_data_h_inv_i_2, which resulted in an inversion of 1 pins
INFO: [Opt 31-138] Pushed 0 inverter(s) to 0 load pin(s).
INFO: [Opt 31-49] Retargeted 0 cell(s).
Phase 1 Retarget | Checksum: 1dfc67d97

Time (s): cpu = 00:00:00.09 ; elapsed = 00:00:00.05 . Memory (MB): peak = 3115.656 ; gain = 0.004 ; free physical = 6969 ; free virtual = 17166
INFO: [Opt 31-389] Phase Retarget created 0 cells and removed 2 cells
INFO: [Opt 31-1021] In phase Retarget, 1 netlist objects are constrained preventing optimization. Please run opt_design with -debug_log to get more detail. 

Phase 2 Constant propagation
INFO: [Opt 31-138] Pushed 0 inverter(s) to 0 load pin(s).
Phase 2 Constant propagation | Checksum: 1d0bb7bad

Time (s): cpu = 00:00:00.10 ; elapsed = 00:00:00.06 . Memory (MB): peak = 3115.656 ; gain = 0.004 ; free physical = 6969 ; free virtual = 17166
INFO: [Opt 31-389] Phase Constant propagation created 0 cells and removed 0 cells

Phase 3 Sweep
Phase 3 Sweep | Checksum: 25935853c

Time (s): cpu = 00:00:00.11 ; elapsed = 00:00:00.08 . Memory (MB): peak = 3115.656 ; gain = 0.004 ; free physical = 6969 ; free virtual = 17166
INFO: [Opt 31-389] Phase Sweep created 0 cells and removed 0 cells

Phase 4 BUFG optimization
Phase 4 BUFG optimization | Checksum: 1c5058a8f

Time (s): cpu = 00:00:00.13 ; elapsed = 00:00:00.10 . Memory (MB): peak = 3115.656 ; gain = 0.004 ; free physical = 6969 ; free virtual = 17166
INFO: [Opt 31-662] Phase BUFG optimization created 0 cells of which 0 are BUFGs and removed 0 cells.

Phase 5 Shift Register Optimization
INFO: [Opt 31-1064] SRL Remap converted 0 SRLs to 0 registers and converted 0 registers of register chains to 0 SRLs
Phase 5 Shift Register Optimization | Checksum: 1c5058a8f

Time (s): cpu = 00:00:00.13 ; elapsed = 00:00:00.10 . Memory (MB): peak = 3115.656 ; gain = 0.004 ; free physical = 6969 ; free virtual = 17166
INFO: [Opt 31-389] Phase Shift Register Optimization created 0 cells and removed 0 cells

Phase 6 Post Processing Netlist
Phase 6 Post Processing Netlist | Checksum: 25935853c

Time (s): cpu = 00:00:00.13 ; elapsed = 00:00:00.11 . Memory (MB): peak = 3115.656 ; gain = 0.004 ; free physical = 6969 ; free virtual = 17166
INFO: [Opt 31-389] Phase Post Processing Netlist created 0 cells and removed 0 cells
Opt_design Change Summary
=========================


-------------------------------------------------------------------------------------------------------------------------
|  Phase                        |  #Cells created  |  #Cells Removed  |  #Constrained objects preventing optimizations  |
-------------------------------------------------------------------------------------------------------------------------
|  Retarget                     |               0  |               2  |                                              1  |
|  Constant propagation         |               0  |               0  |                                              0  |
|  Sweep                        |               0  |               0  |                                              0  |
|  BUFG optimization            |               0  |               0  |                                              0  |
|  Shift Register Optimization  |               0  |               0  |                                              0  |
|  Post Processing Netlist      |               0  |               0  |                                              0  |
-------------------------------------------------------------------------------------------------------------------------



Starting Connectivity Check Task

Time (s): cpu = 00:00:00 ; elapsed = 00:00:00 . Memory (MB): peak = 3115.656 ; gain = 0.000 ; free physical = 6969 ; free virtual = 17166
Ending Logic Optimization Task | Checksum: 136dd5f31

Time (s): cpu = 00:00:00.16 ; elapsed = 00:00:00.15 . Memory (MB): peak = 3115.656 ; gain = 0.004 ; free physical = 6969 ; free virtual = 17166

Starting Power Optimization Task
INFO: [Pwropt 34-132] Skipping clock gating for clocks with a period < 2.00 ns.
INFO: [Timing 38-35] Done setting XDC timing constraints.
INFO: [Pwropt 34-9] Applying IDT optimizations ...
INFO: [Pwropt 34-10] Applying ODC optimizations ...
Running Vector-less Activity Propagation...

Finished Running Vector-less Activity Propagation


Starting PowerOpt Patch Enables Task
INFO: [Pwropt 34-162] WRITE_MODE attribute of 0 BRAM(s) out of a total of 3 has been updated to save power. Run report_power_opt to get a complete listing of the BRAMs updated.
INFO: [Pwropt 34-201] Structural ODC has moved 0 WE to EN ports
Number of BRAM Ports augmented: 0 newly gated: 0 Total Ports: 6
Ending PowerOpt Patch Enables Task | Checksum: 136dd5f31

Time (s): cpu = 00:00:00.01 ; elapsed = 00:00:00.01 . Memory (MB): peak = 3405.855 ; gain = 0.000 ; free physical = 6962 ; free virtual = 17159
Ending Power Optimization Task | Checksum: 136dd5f31

Time (s): cpu = 00:00:00.65 ; elapsed = 00:00:00.44 . Memory (MB): peak = 3405.855 ; gain = 290.199 ; free physical = 6967 ; free virtual = 17163

Starting Final Cleanup Task
Ending Final Cleanup Task | Checksum: 136dd5f31

Time (s): cpu = 00:00:00 ; elapsed = 00:00:00 . Memory (MB): peak = 3405.855 ; gain = 0.000 ; free physical = 6966 ; free virtual = 17163

Starting Netlist Obfuscation Task
Netlist sorting complete. Time (s): cpu = 00:00:00 ; elapsed = 00:00:00 . Memory (MB): peak = 3405.855 ; gain = 0.000 ; free physical = 6966 ; free virtual = 17163
Ending Netlist Obfuscation Task | Checksum: 136dd5f31

Time (s): cpu = 00:00:00 ; elapsed = 00:00:00 . Memory (MB): peak = 3405.855 ; gain = 0.000 ; free physical = 6966 ; free virtual = 17163
INFO: [Common 17-83] Releasing license: Implementation
34 Infos, 0 Warnings, 0 Critical Warnings and 0 Errors encountered.
opt_design completed successfully
INFO: [Timing 38-35] Done setting XDC timing constraints.
INFO: [Timing 38-480] Writing timing data to binary archive.
Writing placer database...
Writing XDEF routing.
Writing XDEF routing logical nets.
Writing XDEF routing special nets.
Write XDEF Complete: Time (s): cpu = 00:00:00.14 ; elapsed = 00:00:00.05 . Memory (MB): peak = 3405.855 ; gain = 0.000 ; free physical = 6961 ; free virtual = 17159
INFO: [Common 17-1381] The checkpoint '/home/student/mslupski/Projekt/projekt_main/fpga/build/vga_project.runs/impl_1/top_vga_basys3_opt.dcp' has been generated.
INFO: [runtcl-4] Executing : report_drc -file top_vga_basys3_drc_opted.rpt -pb top_vga_basys3_drc_opted.pb -rpx top_vga_basys3_drc_opted.rpx
Command: report_drc -file top_vga_basys3_drc_opted.rpt -pb top_vga_basys3_drc_opted.pb -rpx top_vga_basys3_drc_opted.rpx
INFO: [IP_Flow 19-234] Refreshing IP repositories
INFO: [IP_Flow 19-1704] No user IP repositories specified
INFO: [IP_Flow 19-2313] Loaded Vivado IP repository '/home_local/Xilinx/Vivado/2021.2/data/ip'.
INFO: [DRC 23-27] Running DRC with 8 threads
INFO: [Vivado_Tcl 2-168] The results of DRC are in file /home/student/mslupski/Projekt/projekt_main/fpga/build/vga_project.runs/impl_1/top_vga_basys3_drc_opted.rpt.
report_drc completed successfully
Command: place_design
Attempting to get a license for feature 'Implementation' and/or device 'xc7a35t'
INFO: [Common 17-349] Got license for feature 'Implementation' and/or device 'xc7a35t'
INFO: [DRC 23-27] Running DRC with 8 threads
INFO: [Vivado_Tcl 4-198] DRC finished with 0 Errors
INFO: [Vivado_Tcl 4-199] Please refer to the DRC report (report_drc) for more information.
Running DRC as a precondition to command place_design
INFO: [DRC 23-27] Running DRC with 8 threads
INFO: [Vivado_Tcl 4-198] DRC finished with 0 Errors
INFO: [Vivado_Tcl 4-199] Please refer to the DRC report (report_drc) for more information.

Starting Placer Task
INFO: [Place 30-611] Multithreading enabled for place_design using a maximum of 8 CPUs

Phase 1 Placer Initialization

Phase 1.1 Placer Initialization Netlist Sorting
Netlist sorting complete. Time (s): cpu = 00:00:00.01 ; elapsed = 00:00:00 . Memory (MB): peak = 3405.855 ; gain = 0.000 ; free physical = 6886 ; free virtual = 17083
Phase 1.1 Placer Initialization Netlist Sorting | Checksum: ed0f8185

Time (s): cpu = 00:00:00.01 ; elapsed = 00:00:00.01 . Memory (MB): peak = 3405.855 ; gain = 0.000 ; free physical = 6885 ; free virtual = 17083
Netlist sorting complete. Time (s): cpu = 00:00:00 ; elapsed = 00:00:00 . Memory (MB): peak = 3405.855 ; gain = 0.000 ; free physical = 6885 ; free virtual = 17082

Phase 1.2 IO Placement/ Clock Placement/ Build Placer Device
Phase 1.2 IO Placement/ Clock Placement/ Build Placer Device | Checksum: d817cbec

Time (s): cpu = 00:00:00.26 ; elapsed = 00:00:00.13 . Memory (MB): peak = 3405.855 ; gain = 0.000 ; free physical = 6929 ; free virtual = 17127

Phase 1.3 Build Placer Netlist Model
Phase 1.3 Build Placer Netlist Model | Checksum: 138256b5a

Time (s): cpu = 00:00:00.72 ; elapsed = 00:00:00.34 . Memory (MB): peak = 3405.855 ; gain = 0.000 ; free physical = 6943 ; free virtual = 17140

Phase 1.4 Constrain Clocks/Macros
Phase 1.4 Constrain Clocks/Macros | Checksum: 138256b5a

Time (s): cpu = 00:00:00.72 ; elapsed = 00:00:00.34 . Memory (MB): peak = 3405.855 ; gain = 0.000 ; free physical = 6943 ; free virtual = 17141
Phase 1 Placer Initialization | Checksum: 138256b5a

Time (s): cpu = 00:00:00.73 ; elapsed = 00:00:00.35 . Memory (MB): peak = 3405.855 ; gain = 0.000 ; free physical = 6943 ; free virtual = 17141

Phase 2 Global Placement

Phase 2.1 Floorplanning
Phase 2.1 Floorplanning | Checksum: 1594be5fd

Time (s): cpu = 00:00:00.94 ; elapsed = 00:00:00.43 . Memory (MB): peak = 3405.855 ; gain = 0.000 ; free physical = 6938 ; free virtual = 17135

Phase 2.2 Update Timing before SLR Path Opt
Phase 2.2 Update Timing before SLR Path Opt | Checksum: 17aea2346

Time (s): cpu = 00:00:01 ; elapsed = 00:00:00.47 . Memory (MB): peak = 3405.855 ; gain = 0.000 ; free physical = 6939 ; free virtual = 17137

Phase 2.3 Post-Processing in Floorplanning
Phase 2.3 Post-Processing in Floorplanning | Checksum: 17aea2346

Time (s): cpu = 00:00:01 ; elapsed = 00:00:00.47 . Memory (MB): peak = 3405.855 ; gain = 0.000 ; free physical = 6940 ; free virtual = 17137

Phase 2.4 Global Placement Core

Phase 2.4.1 Physical Synthesis In Placer
INFO: [Physopt 32-1035] Found 0 LUTNM shape to break, 13 LUT instances to create LUTNM shape
INFO: [Physopt 32-1044] Break lutnm for timing: one critical 0, two critical 0, total 0, new lutff created 0
INFO: [Physopt 32-1138] End 1 Pass. Optimized 6 nets or LUTs. Breaked 0 LUT, combined 6 existing LUTs and moved 0 existing LUT
INFO: [Physopt 32-65] No nets found for high-fanout optimization.
INFO: [Physopt 32-232] Optimized 0 net. Created 0 new instance.
INFO: [Physopt 32-775] End 1 Pass. Optimized 0 net or cell. Created 0 new cell, deleted 0 existing cell and moved 0 existing cell
INFO: [Physopt 32-670] No setup violation found.  DSP Register Optimization was not performed.
INFO: [Physopt 32-670] No setup violation found.  Shift Register to Pipeline Optimization was not performed.
INFO: [Physopt 32-670] No setup violation found.  Shift Register Optimization was not performed.
INFO: [Physopt 32-670] No setup violation found.  BRAM Register Optimization was not performed.
INFO: [Physopt 32-670] No setup violation found.  URAM Register Optimization was not performed.
INFO: [Physopt 32-949] No candidate nets found for dynamic/static region interface net replication
INFO: [Physopt 32-775] End 1 Pass. Optimized 0 net or cell. Created 0 new cell, deleted 0 existing cell and moved 0 existing cell
Netlist sorting complete. Time (s): cpu = 00:00:00 ; elapsed = 00:00:00 . Memory (MB): peak = 3405.855 ; gain = 0.000 ; free physical = 6923 ; free virtual = 17120

Summary of Physical Synthesis Optimizations
============================================


-----------------------------------------------------------------------------------------------------------------------------------------------------------
|  Optimization                                     |  Added Cells  |  Removed Cells  |  Optimized Cells/Nets  |  Dont Touch  |  Iterations  |  Elapsed   |
-----------------------------------------------------------------------------------------------------------------------------------------------------------
|  LUT Combining                                    |            0  |              6  |                     6  |           0  |           1  |  00:00:00  |
|  Retime                                           |            0  |              0  |                     0  |           0  |           1  |  00:00:00  |
|  Very High Fanout                                 |            0  |              0  |                     0  |           0  |           1  |  00:00:00  |
|  DSP Register                                     |            0  |              0  |                     0  |           0  |           0  |  00:00:00  |
|  Shift Register to Pipeline                       |            0  |              0  |                     0  |           0  |           0  |  00:00:00  |
|  Shift Register                                   |            0  |              0  |                     0  |           0  |           0  |  00:00:00  |
|  BRAM Register                                    |            0  |              0  |                     0  |           0  |           0  |  00:00:00  |
|  URAM Register                                    |            0  |              0  |                     0  |           0  |           0  |  00:00:00  |
|  Dynamic/Static Region Interface Net Replication  |            0  |              0  |                     0  |           0  |           1  |  00:00:00  |
|  Total                                            |            0  |              6  |                     6  |           0  |           4  |  00:00:00  |
-----------------------------------------------------------------------------------------------------------------------------------------------------------


Phase 2.4.1 Physical Synthesis In Placer | Checksum: 1a269a62b

Time (s): cpu = 00:00:04 ; elapsed = 00:00:02 . Memory (MB): peak = 3405.855 ; gain = 0.000 ; free physical = 6922 ; free virtual = 17120
Phase 2.4 Global Placement Core | Checksum: 174178107

Time (s): cpu = 00:00:04 ; elapsed = 00:00:02 . Memory (MB): peak = 3405.855 ; gain = 0.000 ; free physical = 6922 ; free virtual = 17120
Phase 2 Global Placement | Checksum: 174178107

Time (s): cpu = 00:00:04 ; elapsed = 00:00:02 . Memory (MB): peak = 3405.855 ; gain = 0.000 ; free physical = 6923 ; free virtual = 17120

Phase 3 Detail Placement

Phase 3.1 Commit Multi Column Macros
Phase 3.1 Commit Multi Column Macros | Checksum: 1671f7e72

Time (s): cpu = 00:00:04 ; elapsed = 00:00:02 . Memory (MB): peak = 3405.855 ; gain = 0.000 ; free physical = 6923 ; free virtual = 17120

Phase 3.2 Commit Most Macros & LUTRAMs
Phase 3.2 Commit Most Macros & LUTRAMs | Checksum: c2c3f526

Time (s): cpu = 00:00:05 ; elapsed = 00:00:02 . Memory (MB): peak = 3405.855 ; gain = 0.000 ; free physical = 6922 ; free virtual = 17119

Phase 3.3 Area Swap Optimization
Phase 3.3 Area Swap Optimization | Checksum: 124148f00

Time (s): cpu = 00:00:05 ; elapsed = 00:00:02 . Memory (MB): peak = 3405.855 ; gain = 0.000 ; free physical = 6922 ; free virtual = 17119

Phase 3.4 Pipeline Register Optimization
Phase 3.4 Pipeline Register Optimization | Checksum: e01360f3

Time (s): cpu = 00:00:05 ; elapsed = 00:00:02 . Memory (MB): peak = 3405.855 ; gain = 0.000 ; free physical = 6922 ; free virtual = 17119

Phase 3.5 Small Shape Detail Placement
Phase 3.5 Small Shape Detail Placement | Checksum: a56b6a79

Time (s): cpu = 00:00:05 ; elapsed = 00:00:02 . Memory (MB): peak = 3405.855 ; gain = 0.000 ; free physical = 6908 ; free virtual = 17105

Phase 3.6 Re-assign LUT pins
Phase 3.6 Re-assign LUT pins | Checksum: 101060b5c

Time (s): cpu = 00:00:05 ; elapsed = 00:00:02 . Memory (MB): peak = 3405.855 ; gain = 0.000 ; free physical = 6914 ; free virtual = 17112

Phase 3.7 Pipeline Register Optimization
Phase 3.7 Pipeline Register Optimization | Checksum: 1935bb36e

Time (s): cpu = 00:00:05 ; elapsed = 00:00:02 . Memory (MB): peak = 3405.855 ; gain = 0.000 ; free physical = 6911 ; free virtual = 17109
Phase 3 Detail Placement | Checksum: 1935bb36e

Time (s): cpu = 00:00:05 ; elapsed = 00:00:02 . Memory (MB): peak = 3405.855 ; gain = 0.000 ; free physical = 6910 ; free virtual = 17108

Phase 4 Post Placement Optimization and Clean-Up

Phase 4.1 Post Commit Optimization
INFO: [Timing 38-35] Done setting XDC timing constraints.

Phase 4.1.1 Post Placement Optimization
Post Placement Optimization Initialization | Checksum: 1c2c1540a

Phase 4.1.1.1 BUFG Insertion

Starting Physical Synthesis Task

Phase 1 Physical Synthesis Initialization
INFO: [Physopt 32-721] Multithreading enabled for phys_opt_design using a maximum of 8 CPUs
INFO: [Physopt 32-619] Estimated Timing Summary | WNS=2.946 | TNS=0.000 |
Phase 1 Physical Synthesis Initialization | Checksum: 131722874

Time (s): cpu = 00:00:00.10 ; elapsed = 00:00:00.04 . Memory (MB): peak = 3405.855 ; gain = 0.000 ; free physical = 6920 ; free virtual = 17117
INFO: [Place 46-56] BUFG insertion identified 0 candidate nets. Inserted BUFG: 0, Replicated BUFG Driver: 0, Skipped due to Placement/Routing Conflicts: 0, Skipped due to Timing Degradation: 0, Skipped due to Illegal Netlist: 0.
Ending Physical Synthesis Task | Checksum: 14a32be90

Time (s): cpu = 00:00:00.11 ; elapsed = 00:00:00.04 . Memory (MB): peak = 3405.855 ; gain = 0.000 ; free physical = 6920 ; free virtual = 17117
Phase 4.1.1.1 BUFG Insertion | Checksum: 1c2c1540a

Time (s): cpu = 00:00:06 ; elapsed = 00:00:02 . Memory (MB): peak = 3405.855 ; gain = 0.000 ; free physical = 6920 ; free virtual = 17117

Phase 4.1.1.2 Post Placement Timing Optimization
INFO: [Place 30-746] Post Placement Timing Summary WNS=2.946. For the most accurate timing information please run report_timing.
Phase 4.1.1.2 Post Placement Timing Optimization | Checksum: 19287d61f

Time (s): cpu = 00:00:06 ; elapsed = 00:00:02 . Memory (MB): peak = 3405.855 ; gain = 0.000 ; free physical = 6920 ; free virtual = 17117

Time (s): cpu = 00:00:06 ; elapsed = 00:00:02 . Memory (MB): peak = 3405.855 ; gain = 0.000 ; free physical = 6920 ; free virtual = 17117
Phase 4.1 Post Commit Optimization | Checksum: 19287d61f

Time (s): cpu = 00:00:06 ; elapsed = 00:00:02 . Memory (MB): peak = 3405.855 ; gain = 0.000 ; free physical = 6920 ; free virtual = 17117

Phase 4.2 Post Placement Cleanup
Phase 4.2 Post Placement Cleanup | Checksum: 19287d61f

Time (s): cpu = 00:00:06 ; elapsed = 00:00:02 . Memory (MB): peak = 3405.855 ; gain = 0.000 ; free physical = 6920 ; free virtual = 17117

Phase 4.3 Placer Reporting

Phase 4.3.1 Print Estimated Congestion
INFO: [Place 30-612] Post-Placement Estimated Congestion 
 ____________________________________________________
|           | Global Congestion | Short Congestion  |
| Direction | Region Size       | Region Size       |
|___________|___________________|___________________|
|      North|                1x1|                1x1|
|___________|___________________|___________________|
|      South|                1x1|                1x1|
|___________|___________________|___________________|
|       East|                1x1|                1x1|
|___________|___________________|___________________|
|       West|                1x1|                1x1|
|___________|___________________|___________________|

Phase 4.3.1 Print Estimated Congestion | Checksum: 19287d61f

Time (s): cpu = 00:00:06 ; elapsed = 00:00:03 . Memory (MB): peak = 3405.855 ; gain = 0.000 ; free physical = 6920 ; free virtual = 17117
Phase 4.3 Placer Reporting | Checksum: 19287d61f

Time (s): cpu = 00:00:06 ; elapsed = 00:00:03 . Memory (MB): peak = 3405.855 ; gain = 0.000 ; free physical = 6920 ; free virtual = 17117

Phase 4.4 Final Placement Cleanup
Netlist sorting complete. Time (s): cpu = 00:00:00 ; elapsed = 00:00:00 . Memory (MB): peak = 3405.855 ; gain = 0.000 ; free physical = 6920 ; free virtual = 17117

Time (s): cpu = 00:00:06 ; elapsed = 00:00:03 . Memory (MB): peak = 3405.855 ; gain = 0.000 ; free physical = 6920 ; free virtual = 17117
Phase 4 Post Placement Optimization and Clean-Up | Checksum: 224245ba4

Time (s): cpu = 00:00:06 ; elapsed = 00:00:03 . Memory (MB): peak = 3405.855 ; gain = 0.000 ; free physical = 6920 ; free virtual = 17117
Ending Placer Task | Checksum: 192016669

Time (s): cpu = 00:00:06 ; elapsed = 00:00:03 . Memory (MB): peak = 3405.855 ; gain = 0.000 ; free physical = 6920 ; free virtual = 17117
INFO: [Common 17-83] Releasing license: Implementation
71 Infos, 0 Warnings, 0 Critical Warnings and 0 Errors encountered.
place_design completed successfully
INFO: [Timing 38-480] Writing timing data to binary archive.
Writing placer database...
Writing XDEF routing.
Writing XDEF routing logical nets.
Writing XDEF routing special nets.
Write XDEF Complete: Time (s): cpu = 00:00:00.38 ; elapsed = 00:00:00.21 . Memory (MB): peak = 3405.855 ; gain = 0.000 ; free physical = 6931 ; free virtual = 17130
INFO: [Common 17-1381] The checkpoint '/home/student/mslupski/Projekt/projekt_main/fpga/build/vga_project.runs/impl_1/top_vga_basys3_placed.dcp' has been generated.
INFO: [runtcl-4] Executing : report_io -file top_vga_basys3_io_placed.rpt
report_io: Time (s): cpu = 00:00:00.06 ; elapsed = 00:00:00.10 . Memory (MB): peak = 3405.855 ; gain = 0.000 ; free physical = 6927 ; free virtual = 17124
INFO: [runtcl-4] Executing : report_utilization -file top_vga_basys3_utilization_placed.rpt -pb top_vga_basys3_utilization_placed.pb
INFO: [runtcl-4] Executing : report_control_sets -verbose -file top_vga_basys3_control_sets_placed.rpt
report_control_sets: Time (s): cpu = 00:00:00.01 ; elapsed = 00:00:00.06 . Memory (MB): peak = 3405.855 ; gain = 0.000 ; free physical = 6933 ; free virtual = 17131
Command: phys_opt_design
Attempting to get a license for feature 'Implementation' and/or device 'xc7a35t'
INFO: [Common 17-349] Got license for feature 'Implementation' and/or device 'xc7a35t'
INFO: [Vivado_Tcl 4-383] Design worst setup slack (WNS) is greater than or equal to 0.000 ns. Skipping all physical synthesis optimizations.
INFO: [Vivado_Tcl 4-232] No setup violation found. The netlist was not modified.
INFO: [Common 17-83] Releasing license: Implementation
80 Infos, 0 Warnings, 0 Critical Warnings and 0 Errors encountered.
phys_opt_design completed successfully
INFO: [Timing 38-480] Writing timing data to binary archive.
Writing placer database...
Writing XDEF routing.
Writing XDEF routing logical nets.
Writing XDEF routing special nets.
Write XDEF Complete: Time (s): cpu = 00:00:00.40 ; elapsed = 00:00:00.32 . Memory (MB): peak = 3405.855 ; gain = 0.000 ; free physical = 6900 ; free virtual = 17100
INFO: [Common 17-1381] The checkpoint '/home/student/mslupski/Projekt/projekt_main/fpga/build/vga_project.runs/impl_1/top_vga_basys3_physopt.dcp' has been generated.
Command: route_design
Attempting to get a license for feature 'Implementation' and/or device 'xc7a35t'
INFO: [Common 17-349] Got license for feature 'Implementation' and/or device 'xc7a35t'
Running DRC as a precondition to command route_design
INFO: [DRC 23-27] Running DRC with 8 threads
INFO: [Vivado_Tcl 4-198] DRC finished with 0 Errors
INFO: [Vivado_Tcl 4-199] Please refer to the DRC report (report_drc) for more information.


Starting Routing Task
INFO: [Route 35-254] Multithreading enabled for route_design using a maximum of 8 CPUs

Phase 1 Build RT Design
Checksum: PlaceDB: db1d0942 ConstDB: 0 ShapeSum: b6e45d27 RouteDB: 0
Post Restoration Checksum: NetGraph: 8c4f9625 NumContArr: b7614ba1 Constraints: 0 Timing: 0
Phase 1 Build RT Design | Checksum: 143b0e1c6

Time (s): cpu = 00:00:13 ; elapsed = 00:00:11 . Memory (MB): peak = 3405.855 ; gain = 0.000 ; free physical = 6797 ; free virtual = 16996

Phase 2 Router Initialization

Phase 2.1 Create Timer
Phase 2.1 Create Timer | Checksum: 143b0e1c6

Time (s): cpu = 00:00:13 ; elapsed = 00:00:11 . Memory (MB): peak = 3405.855 ; gain = 0.000 ; free physical = 6800 ; free virtual = 16999

Phase 2.2 Fix Topology Constraints
Phase 2.2 Fix Topology Constraints | Checksum: 143b0e1c6

Time (s): cpu = 00:00:13 ; elapsed = 00:00:11 . Memory (MB): peak = 3405.855 ; gain = 0.000 ; free physical = 6767 ; free virtual = 16965

Phase 2.3 Pre Route Cleanup
Phase 2.3 Pre Route Cleanup | Checksum: 143b0e1c6

Time (s): cpu = 00:00:13 ; elapsed = 00:00:11 . Memory (MB): peak = 3405.855 ; gain = 0.000 ; free physical = 6767 ; free virtual = 16965
 Number of Nodes with overlaps = 0

Phase 2.4 Update Timing
Phase 2.4 Update Timing | Checksum: 169daa6bc

Time (s): cpu = 00:00:14 ; elapsed = 00:00:11 . Memory (MB): peak = 3405.855 ; gain = 0.000 ; free physical = 6758 ; free virtual = 16957
INFO: [Route 35-416] Intermediate Timing Summary | WNS=2.948  | TNS=0.000  | WHS=-0.392 | THS=-32.272|


Router Utilization Summary
  Global Vertical Routing Utilization    = 0 %
  Global Horizontal Routing Utilization  = 0 %
  Routable Net Status*
  *Does not include unroutable nets such as driverless and loadless.
  Run report_route_status for detailed report.
  Number of Failed Nets               = 1193
    (Failed Nets is the sum of unrouted and partially routed nets)
  Number of Unrouted Nets             = 1193
  Number of Partially Routed Nets     = 0
  Number of Node Overlaps             = 0

Phase 2 Router Initialization | Checksum: 151d9b704

Time (s): cpu = 00:00:14 ; elapsed = 00:00:11 . Memory (MB): peak = 3405.855 ; gain = 0.000 ; free physical = 6757 ; free virtual = 16955

Phase 3 Initial Routing

Phase 3.1 Global Routing
Phase 3.1 Global Routing | Checksum: 151d9b704

Time (s): cpu = 00:00:14 ; elapsed = 00:00:11 . Memory (MB): peak = 3405.855 ; gain = 0.000 ; free physical = 6757 ; free virtual = 16955
Phase 3 Initial Routing | Checksum: 2110dd2b0

Time (s): cpu = 00:00:14 ; elapsed = 00:00:12 . Memory (MB): peak = 3405.855 ; gain = 0.000 ; free physical = 6758 ; free virtual = 16956

Phase 4 Rip-up And Reroute

Phase 4.1 Global Iteration 0
 Number of Nodes with overlaps = 71
 Number of Nodes with overlaps = 6
 Number of Nodes with overlaps = 0
INFO: [Route 35-416] Intermediate Timing Summary | WNS=1.615  | TNS=0.000  | WHS=N/A    | THS=N/A    |

Phase 4.1 Global Iteration 0 | Checksum: 18bf476dc

Time (s): cpu = 00:00:15 ; elapsed = 00:00:12 . Memory (MB): peak = 3405.855 ; gain = 0.000 ; free physical = 6757 ; free virtual = 16956

Phase 4.2 Global Iteration 1
 Number of Nodes with overlaps = 0
INFO: [Route 35-416] Intermediate Timing Summary | WNS=1.615  | TNS=0.000  | WHS=N/A    | THS=N/A    |

Phase 4.2 Global Iteration 1 | Checksum: 10ed124a3

Time (s): cpu = 00:00:15 ; elapsed = 00:00:12 . Memory (MB): peak = 3405.855 ; gain = 0.000 ; free physical = 6756 ; free virtual = 16955
Phase 4 Rip-up And Reroute | Checksum: 10ed124a3

Time (s): cpu = 00:00:15 ; elapsed = 00:00:12 . Memory (MB): peak = 3405.855 ; gain = 0.000 ; free physical = 6756 ; free virtual = 16955

Phase 5 Delay and Skew Optimization

Phase 5.1 Delay CleanUp
Phase 5.1 Delay CleanUp | Checksum: 10ed124a3

Time (s): cpu = 00:00:15 ; elapsed = 00:00:12 . Memory (MB): peak = 3405.855 ; gain = 0.000 ; free physical = 6756 ; free virtual = 16955

Phase 5.2 Clock Skew Optimization
Phase 5.2 Clock Skew Optimization | Checksum: 10ed124a3

Time (s): cpu = 00:00:15 ; elapsed = 00:00:12 . Memory (MB): peak = 3405.855 ; gain = 0.000 ; free physical = 6756 ; free virtual = 16955
Phase 5 Delay and Skew Optimization | Checksum: 10ed124a3

Time (s): cpu = 00:00:15 ; elapsed = 00:00:12 . Memory (MB): peak = 3405.855 ; gain = 0.000 ; free physical = 6756 ; free virtual = 16955

Phase 6 Post Hold Fix

Phase 6.1 Hold Fix Iter

Phase 6.1.1 Update Timing
Phase 6.1.1 Update Timing | Checksum: ccbf19a1

Time (s): cpu = 00:00:15 ; elapsed = 00:00:12 . Memory (MB): peak = 3405.855 ; gain = 0.000 ; free physical = 6756 ; free virtual = 16955
INFO: [Route 35-416] Intermediate Timing Summary | WNS=1.615  | TNS=0.000  | WHS=0.061  | THS=0.000  |

Phase 6.1 Hold Fix Iter | Checksum: 1621a14fd

Time (s): cpu = 00:00:15 ; elapsed = 00:00:12 . Memory (MB): peak = 3405.855 ; gain = 0.000 ; free physical = 6756 ; free virtual = 16955
Phase 6 Post Hold Fix | Checksum: 1621a14fd

Time (s): cpu = 00:00:15 ; elapsed = 00:00:12 . Memory (MB): peak = 3405.855 ; gain = 0.000 ; free physical = 6756 ; free virtual = 16955

Phase 7 Route finalize

Router Utilization Summary
  Global Vertical Routing Utilization    = 0.285418 %
  Global Horizontal Routing Utilization  = 0.312077 %
  Routable Net Status*
  *Does not include unroutable nets such as driverless and loadless.
  Run report_route_status for detailed report.
  Number of Failed Nets               = 0
    (Failed Nets is the sum of unrouted and partially routed nets)
  Number of Unrouted Nets             = 0
  Number of Partially Routed Nets     = 0
  Number of Node Overlaps             = 0

Phase 7 Route finalize | Checksum: c37232de

Time (s): cpu = 00:00:15 ; elapsed = 00:00:12 . Memory (MB): peak = 3405.855 ; gain = 0.000 ; free physical = 6756 ; free virtual = 16955

Phase 8 Verifying routed nets

 Verification completed successfully
Phase 8 Verifying routed nets | Checksum: c37232de

Time (s): cpu = 00:00:15 ; elapsed = 00:00:12 . Memory (MB): peak = 3405.855 ; gain = 0.000 ; free physical = 6755 ; free virtual = 16954

Phase 9 Depositing Routes
Phase 9 Depositing Routes | Checksum: 12cf28cbb

Time (s): cpu = 00:00:16 ; elapsed = 00:00:12 . Memory (MB): peak = 3405.855 ; gain = 0.000 ; free physical = 6755 ; free virtual = 16954

Phase 10 Post Router Timing
INFO: [Route 35-57] Estimated Timing Summary | WNS=1.615  | TNS=0.000  | WHS=0.061  | THS=0.000  |

INFO: [Route 35-327] The final timing numbers are based on the router estimated timing analysis. For a complete and accurate timing signoff, please run report_timing_summary.
Phase 10 Post Router Timing | Checksum: 12cf28cbb

Time (s): cpu = 00:00:16 ; elapsed = 00:00:12 . Memory (MB): peak = 3405.855 ; gain = 0.000 ; free physical = 6755 ; free virtual = 16954
INFO: [Route 35-16] Router Completed Successfully

Time (s): cpu = 00:00:16 ; elapsed = 00:00:12 . Memory (MB): peak = 3405.855 ; gain = 0.000 ; free physical = 6789 ; free virtual = 16988

Routing Is Done.
INFO: [Common 17-83] Releasing license: Implementation
95 Infos, 0 Warnings, 0 Critical Warnings and 0 Errors encountered.
route_design completed successfully
route_design: Time (s): cpu = 00:00:17 ; elapsed = 00:00:13 . Memory (MB): peak = 3405.855 ; gain = 0.000 ; free physical = 6789 ; free virtual = 16988
INFO: [Timing 38-480] Writing timing data to binary archive.
Writing placer database...
Writing XDEF routing.
Writing XDEF routing logical nets.
Writing XDEF routing special nets.
Write XDEF Complete: Time (s): cpu = 00:00:00.40 ; elapsed = 00:00:00.36 . Memory (MB): peak = 3405.855 ; gain = 0.000 ; free physical = 6782 ; free virtual = 16983
INFO: [Common 17-1381] The checkpoint '/home/student/mslupski/Projekt/projekt_main/fpga/build/vga_project.runs/impl_1/top_vga_basys3_routed.dcp' has been generated.
INFO: [runtcl-4] Executing : report_drc -file top_vga_basys3_drc_routed.rpt -pb top_vga_basys3_drc_routed.pb -rpx top_vga_basys3_drc_routed.rpx
Command: report_drc -file top_vga_basys3_drc_routed.rpt -pb top_vga_basys3_drc_routed.pb -rpx top_vga_basys3_drc_routed.rpx
INFO: [IP_Flow 19-1839] IP Catalog is up to date.
INFO: [DRC 23-27] Running DRC with 8 threads
INFO: [Vivado_Tcl 2-168] The results of DRC are in file /home/student/mslupski/Projekt/projekt_main/fpga/build/vga_project.runs/impl_1/top_vga_basys3_drc_routed.rpt.
report_drc completed successfully
INFO: [runtcl-4] Executing : report_methodology -file top_vga_basys3_methodology_drc_routed.rpt -pb top_vga_basys3_methodology_drc_routed.pb -rpx top_vga_basys3_methodology_drc_routed.rpx
Command: report_methodology -file top_vga_basys3_methodology_drc_routed.rpt -pb top_vga_basys3_methodology_drc_routed.pb -rpx top_vga_basys3_methodology_drc_routed.rpx
INFO: [Timing 38-35] Done setting XDC timing constraints.
INFO: [DRC 23-133] Running Methodology with 8 threads
INFO: [Vivado_Tcl 2-1520] The results of Report Methodology are in file /home/student/mslupski/Projekt/projekt_main/fpga/build/vga_project.runs/impl_1/top_vga_basys3_methodology_drc_routed.rpt.
report_methodology completed successfully
INFO: [runtcl-4] Executing : report_power -file top_vga_basys3_power_routed.rpt -pb top_vga_basys3_power_summary_routed.pb -rpx top_vga_basys3_power_routed.rpx
Command: report_power -file top_vga_basys3_power_routed.rpt -pb top_vga_basys3_power_summary_routed.pb -rpx top_vga_basys3_power_routed.rpx
INFO: [Timing 38-35] Done setting XDC timing constraints.
Running Vector-less Activity Propagation...

Finished Running Vector-less Activity Propagation
107 Infos, 0 Warnings, 0 Critical Warnings and 0 Errors encountered.
report_power completed successfully
INFO: [runtcl-4] Executing : report_route_status -file top_vga_basys3_route_status.rpt -pb top_vga_basys3_route_status.pb
INFO: [runtcl-4] Executing : report_timing_summary -max_paths 10 -report_unconstrained -file top_vga_basys3_timing_summary_routed.rpt -pb top_vga_basys3_timing_summary_routed.pb -rpx top_vga_basys3_timing_summary_routed.rpx -warn_on_violation 
INFO: [Timing 38-91] UpdateTimingParams: Speed grade: -1, Delay Type: min_max.
INFO: [Timing 38-191] Multithreading enabled for timing update using a maximum of 8 CPUs
INFO: [runtcl-4] Executing : report_incremental_reuse -file top_vga_basys3_incremental_reuse_routed.rpt
INFO: [Vivado_Tcl 4-1062] Incremental flow is disabled. No incremental reuse Info to report.
INFO: [runtcl-4] Executing : report_clock_utilization -file top_vga_basys3_clock_utilization_routed.rpt
INFO: [runtcl-4] Executing : report_bus_skew -warn_on_violation -file top_vga_basys3_bus_skew_routed.rpt -pb top_vga_basys3_bus_skew_routed.pb -rpx top_vga_basys3_bus_skew_routed.rpx
INFO: [Timing 38-91] UpdateTimingParams: Speed grade: -1, Delay Type: min_max.
INFO: [Timing 38-191] Multithreading enabled for timing update using a maximum of 8 CPUs
Command: write_bitstream -force top_vga_basys3.bit
Attempting to get a license for feature 'Implementation' and/or device 'xc7a35t'
INFO: [Common 17-349] Got license for feature 'Implementation' and/or device 'xc7a35t'
Running DRC as a precondition to command write_bitstream
INFO: [IP_Flow 19-1839] IP Catalog is up to date.
INFO: [DRC 23-27] Running DRC with 8 threads
INFO: [Vivado 12-3199] DRC finished with 0 Errors
INFO: [Vivado 12-3200] Please refer to the DRC report (report_drc) for more information.
INFO: [Designutils 20-2272] Running write_bitstream with 8 threads.
Loading data files...
Loading site data...
Loading route data...
Processing options...
Creating bitmap...
Creating bitstream...
Writing bitstream ./top_vga_basys3.bit...
INFO: [Vivado 12-1842] Bitgen Completed Successfully.
INFO: [Project 1-1876] WebTalk data collection is mandatory when using a ULT device. To see the specific WebTalk data collected for your design, open the usage_statistics_webtalk.html or usage_statistics_webtalk.xml file in the implementation directory.
INFO: [Common 17-83] Releasing license: Implementation
12 Infos, 0 Warnings, 0 Critical Warnings and 0 Errors encountered.
write_bitstream completed successfully
write_bitstream: Time (s): cpu = 00:00:08 ; elapsed = 00:00:17 . Memory (MB): peak = 3646.750 ; gain = 240.895 ; free physical = 6755 ; free virtual = 16958
INFO: [Common 17-206] Exiting Vivado at Wed Jul 26 13:21:20 2023...
[Wed Jul 26 13:21:20 2023] impl_1 finished
wait_on_runs: Time (s): cpu = 00:01:10 ; elapsed = 00:01:06 . Memory (MB): peak = 2717.871 ; gain = 0.000 ; free physical = 8254 ; free virtual = 18457
# exit
INFO: [Common 17-206] Exiting Vivado at Wed Jul 26 13:21:20 2023...
